12001 Q0 1 1 3.51395e-05 model2
12722 Q0 1 1 6.48761e-05 model2
2117 Q0 1 1 3.43066e-05 model2
16562 Q0 1 1 4.04225e-05 model2
2484 Q0 1 1 3.35336e-05 model2
4285 Q0 1 1 4.09015e-05 model2
3474 Q0 1 1 3.05335e-05 model2
3854 Q0 1 1 3.7875e-05 model2
3849 Q0 1 1 3.46086e-05 model2
3721 Q0 1 1 2.7823e-05 model2
16844 Q0 1 1 4.11597e-05 model2
1274 Q0 1 1 2.41874e-05 model2
5882 Q0 1 1 8.73916e-06 model2
1275 Q0 1 1 1.37491e-05 model2
1276 Q0 1 1 2.90614e-05 model2
1953 Q0 1 1 4.18276e-05 model2
1919 Q0 1 1 3.27871e-05 model2
4226 Q0 1 1 4.51182e-05 model2
1980 Q0 1 1 5.75069e-05 model2
4079 Q0 1 1 3.10126e-05 model2
2490 Q0 1 1 3.1884e-05 model2
1277 Q0 1 1 3.15203e-05 model2
2492 Q0 1 1 3.2792e-05 model2
1278 Q0 1 1 3.11397e-05 model2
2493 Q0 1 1 4.79189e-05 model2
2494 Q0 1 1 3.92806e-05 model2
2276 Q0 1 1 3.27655e-05 model2
2495 Q0 1 1 3.43125e-05 model2
2250 Q0 1 1 3.88503e-05 model2
4029 Q0 1 1 4.28759e-05 model2
2496 Q0 1 1 3.86081e-05 model2
6722 Q0 1 1 2.19946e-05 model2
501 Q0 1 1 3.6182e-05 model2
1280 Q0 1 1 3.0626e-05 model2
7782 Q0 1 1 2.43716e-05 model2
5124 Q0 1 1 5.33933e-05 model2
2498 Q0 1 1 3.64165e-05 model2
2499 Q0 1 1 3.40231e-05 model2
2500 Q0 1 1 3.29156e-05 model2
6821 Q0 1 1 3.42521e-05 model2
6806 Q0 1 1 3.20122e-05 model2
2501 Q0 1 1 3.94087e-05 model2
1285 Q0 1 1 2.43398e-05 model2
2504 Q0 1 1 3.21473e-05 model2
4862 Q0 1 1 3.36335e-05 model2
4125 Q0 1 1 3.10303e-05 model2
2258 Q0 1 1 3.56432e-05 model2
3925 Q0 1 1 1.65671e-05 model2
13601 Q0 1 1 0 model2
4099 Q0 1 1 4.11429e-05 model2
12181 Q0 1 1 2.66996e-05 model2
10501 Q0 1 1 0 model2
2507 Q0 1 1 3.44117e-05 model2
16165 Q0 1 1 3.55472e-05 model2
9362 Q0 1 1 4.11232e-05 model2
1287 Q0 1 1 3.1522e-05 model2
16802 Q0 1 1 2.37847e-05 model2
5622 Q0 1 1 3.28568e-05 model2
1289 Q0 1 1 3.16541e-05 model2
1290 Q0 1 1 3.28076e-05 model2
1291 Q0 1 1 4.80584e-05 model2
2509 Q0 1 1 3.52608e-05 model2
6812 Q0 1 1 3.20864e-05 model2
6641 Q0 1 1 3.13457e-05 model2
2062 Q0 1 1 4.00735e-05 model2
1292 Q0 1 1 3.3107e-05 model2
1845 Q0 1 1 3.66027e-05 model2
1293 Q0 1 1 2.90984e-05 model2
6581 Q0 1 1 1.54138e-05 model2
1296 Q0 1 1 6.02045e-05 model2
2201 Q0 1 1 3.26267e-05 model2
6603 Q0 1 1 3.69934e-05 model2
8982 Q0 1 1 6.48761e-05 model2
1298 Q0 1 1 6.48761e-05 model2
6601 Q0 1 1 4.87509e-05 model2
1299 Q0 1 1 3.40137e-05 model2
6661 Q0 1 1 3.31724e-05 model2
5663 Q0 1 1 3.86985e-05 model2
4346 Q0 1 1 2.61294e-05 model2
5664 Q0 1 1 2.71147e-05 model2
1300 Q0 1 1 2.66445e-05 model2
1301 Q0 1 1 4.12655e-05 model2
1303 Q0 1 1 4.05259e-05 model2
1302 Q0 1 1 3.59374e-05 model2
1305 Q0 1 1 3.59753e-05 model2
1306 Q0 1 1 3.21747e-05 model2
4081 Q0 1 1 3.29673e-05 model2
1307 Q0 1 1 3.66306e-05 model2
10321 Q0 1 1 2.47424e-05 model2
10324 Q0 1 1 3.24003e-05 model2
3937 Q0 1 1 6.35068e-05 model2
5627 Q0 1 1 3.19647e-05 model2
2517 Q0 1 1 1.73805e-05 model2
2518 Q0 1 1 3.23735e-05 model2
2519 Q0 1 1 3.58603e-05 model2
1309 Q0 1 1 3.36016e-05 model2
21 Q0 1 1 3.9756e-05 model2
1937 Q0 1 1 3.85073e-05 model2
1311 Q0 1 1 3.6381e-05 model2
6701 Q0 1 1 4.80306e-05 model2
3542 Q0 1 1 1.04602e-05 model2
1312 Q0 1 1 4.70841e-05 model2
3706 Q0 1 1 6.19576e-05 model2
4222 Q0 1 1 2.59977e-05 model2
1313 Q0 1 1 3.00502e-05 model2
5802 Q0 1 1 3.58959e-05 model2
3966 Q0 1 1 3.33467e-05 model2
4190 Q0 1 1 3.78477e-05 model2
1905 Q0 1 1 3.47616e-05 model2
10981 Q0 1 1 3.69273e-05 model2
6385 Q0 1 1 2.94202e-05 model2
3702 Q0 1 1 3.4443e-05 model2
81 Q0 1 1 3.36548e-05 model2
8521 Q0 1 1 2.63977e-05 model2
2527 Q0 1 1 3.30948e-05 model2
5721 Q0 1 1 6.22385e-05 model2
1316 Q0 1 1 3.24237e-05 model2
1317 Q0 1 1 1.71949e-05 model2
1318 Q0 1 1 3.3229e-05 model2
5221 Q0 1 1 3.35887e-05 model2
2306 Q0 1 1 3.70065e-05 model2
4283 Q0 1 1 3.5512e-05 model2
2530 Q0 1 1 4.35546e-05 model2
1998 Q0 1 1 3.7835e-05 model2
5551 Q0 1 1 0 model2
1320 Q0 1 1 2.45087e-05 model2
2531 Q0 1 1 3.03376e-05 model2
1321 Q0 1 1 3.61462e-05 model2
2532 Q0 1 1 3.73402e-05 model2
7705 Q0 1 1 5.83359e-05 model2
2533 Q0 1 1 5.90489e-05 model2
15222 Q0 1 1 2.96677e-05 model2
7801 Q0 1 1 3.60866e-05 model2
2170 Q0 1 1 3.5132e-05 model2
17083 Q0 1 1 6.48761e-05 model2
781 Q0 1 1 2.04317e-05 model2
17082 Q0 1 1 6.48761e-05 model2
3581 Q0 1 1 3.5081e-05 model2
8685 Q0 1 1 3.57213e-05 model2
2534 Q0 1 1 3.95591e-05 model2
2535 Q0 1 1 5.5162e-05 model2
5681 Q0 1 1 2.79486e-05 model2
1324 Q0 1 1 4.32684e-05 model2
2290 Q0 1 1 1.74729e-05 model2
16122 Q0 1 1 3.28327e-05 model2
2536 Q0 1 1 3.2292e-05 model2
7981 Q0 1 1 2.88407e-05 model2
1327 Q0 1 1 2.93654e-05 model2
1328 Q0 1 1 3.43037e-05 model2
11441 Q0 1 1 6.48761e-05 model2
6461 Q0 1 1 1.97955e-05 model2
6761 Q0 1 1 3.32092e-05 model2
1330 Q0 1 1 3.38719e-05 model2
1333 Q0 1 1 2.81529e-05 model2
1331 Q0 1 1 6.48602e-06 model2
1332 Q0 1 1 3.71685e-05 model2
4681 Q0 1 1 3.80764e-05 model2
9022 Q0 1 1 6.35738e-05 model2
2540 Q0 1 1 2.59383e-05 model2
5628 Q0 1 1 4.44361e-05 model2
2541 Q0 1 1 4.78849e-05 model2
1997 Q0 1 1 4.15288e-05 model2
15902 Q0 1 1 3.31553e-05 model2
1963 Q0 1 1 3.96111e-05 model2
16002 Q0 1 1 4.20943e-05 model2
13362 Q0 1 1 3.75304e-05 model2
4353 Q0 1 1 1.98551e-05 model2
16804 Q0 1 1 5.14486e-05 model2
3968 Q0 1 1 3.35451e-05 model2
2542 Q0 1 1 2.95734e-05 model2
2643 Q0 1 1 4.91882e-05 model2
6807 Q0 1 1 3.68494e-05 model2
2544 Q0 1 1 3.89563e-05 model2
2545 Q0 1 1 3.4289e-05 model2
5683 Q0 1 1 4.52765e-06 model2
1337 Q0 1 1 3.42229e-05 model2
4120 Q0 1 1 3.14824e-05 model2
1338 Q0 1 1 3.40917e-05 model2
16164 Q0 1 1 3.65546e-05 model2
1341 Q0 1 1 2.99532e-05 model2
3792 Q0 1 1 3.02664e-05 model2
1342 Q0 1 1 3.45765e-05 model2
16163 Q0 1 1 4.27763e-05 model2
3331 Q0 1 1 3.31858e-05 model2
9481 Q0 1 1 3.58067e-05 model2
3804 Q0 1 1 3.91681e-05 model2
3852 Q0 1 1 4.33854e-05 model2
3853 Q0 1 1 3.69952e-05 model2
8942 Q0 1 1 3.39168e-05 model2
2422 Q0 1 1 0 model2
6808 Q0 1 1 4.2262e-05 model2
2229 Q0 1 1 3.48264e-05 model2
2278 Q0 1 1 3.44022e-05 model2
2332 Q0 1 1 3.12383e-05 model2
16882 Q0 1 1 2.92844e-05 model2
2330 Q0 1 1 5.30793e-05 model2
1344 Q0 1 1 9.25296e-06 model2
1345 Q0 1 1 2.61984e-06 model2
1346 Q0 1 1 2.98051e-05 model2
1347 Q0 1 1 2.3016e-05 model2
2551 Q0 1 1 5.13511e-05 model2
3947 Q0 1 1 3.64463e-05 model2
2552 Q0 1 1 3.56092e-05 model2
1348 Q0 1 1 3.4549e-05 model2
1349 Q0 1 1 3.41451e-05 model2
2553 Q0 1 1 3.99815e-05 model2
4360 Q0 1 1 4.4878e-05 model2
12201 Q0 1 1 3.61644e-05 model2
12123 Q0 1 1 3.41772e-05 model2
2255 Q0 1 1 3.02799e-05 model2
2554 Q0 1 1 1.59783e-05 model2
1355 Q0 1 1 7.87328e-07 model2
1351 Q0 1 1 4.63645e-05 model2
1352 Q0 1 1 3.41184e-05 model2
1353 Q0 1 1 3.17034e-05 model2
1402 Q0 1 1 3.56507e-05 model2
2559 Q0 1 1 3.49868e-05 model2
1354 Q0 1 1 4.62046e-05 model2
2560 Q0 1 1 2.88415e-05 model2
2561 Q0 1 1 3.56928e-05 model2
1356 Q0 1 1 4.1287e-05 model2
1357 Q0 1 1 3.4216e-05 model2
17103 Q0 1 1 4.6429e-05 model2
13521 Q0 1 1 2.54452e-05 model2
9901 Q0 1 1 2.46244e-05 model2
15463 Q0 1 1 3.38205e-05 model2
9783 Q0 1 1 3.80165e-05 model2
2564 Q0 1 1 3.44324e-05 model2
3835 Q0 1 1 3.31105e-05 model2
1360 Q0 1 1 3.04221e-05 model2
3887 Q0 1 1 2.5981e-05 model2
2321 Q0 1 1 4.82475e-05 model2
4184 Q0 1 1 3.45597e-05 model2
2566 Q0 1 1 3.40528e-05 model2
2567 Q0 1 1 3.22239e-05 model2
6845 Q0 1 1 3.32986e-05 model2
15022 Q0 1 1 6.48761e-05 model2
2568 Q0 1 1 3.14152e-05 model2
2570 Q0 1 1 3.25028e-05 model2
3832 Q0 1 1 4.17131e-05 model2
5041 Q0 1 1 1.21264e-05 model2
6302 Q0 1 1 2.35529e-05 model2
6801 Q0 1 1 3.60715e-05 model2
12461 Q0 1 1 2.5947e-05 model2
2575 Q0 1 1 3.43175e-05 model2
11383 Q0 1 1 1.81302e-05 model2
4242 Q0 1 1 2.74862e-05 model2
2304 Q0 1 1 3.55282e-05 model2
2238 Q0 1 1 2.54389e-05 model2
16544 Q0 1 1 2.73845e-05 model2
2195 Q0 1 1 1.59981e-05 model2
181 Q0 1 1 2.31479e-05 model2
17142 Q0 1 1 4.54073e-05 model2
9401 Q0 1 1 4.05089e-05 model2
4223 Q0 1 1 4.93744e-05 model2
2576 Q0 1 1 2.47533e-05 model2
15722 Q0 1 1 3.20862e-05 model2
12261 Q0 1 1 0 model2
2577 Q0 1 1 3.4867e-05 model2
9802 Q0 1 1 2.69019e-05 model2
2579 Q0 1 1 3.8586e-05 model2
2580 Q0 1 1 3.91894e-05 model2
2581 Q0 1 1 6.48761e-05 model2
2582 Q0 1 1 3.53034e-05 model2
12501 Q0 1 1 3.54207e-05 model2
16982 Q0 1 1 3.52203e-05 model2
4189 Q0 1 1 3.09895e-05 model2
4240 Q0 1 1 3.19347e-05 model2
15283 Q0 1 1 3.89247e-05 model2
1936 Q0 1 1 2.7878e-05 model2
16222 Q0 1 1 3.30684e-05 model2
6681 Q0 1 1 3.50121e-05 model2
2583 Q0 1 1 3.33062e-05 model2
2584 Q0 1 1 7.56598e-06 model2
16623 Q0 1 1 3.43379e-05 model2
5665 Q0 1 1 3.38596e-05 model2
6141 Q0 1 1 3.06652e-05 model2
8941 Q0 1 1 3.80106e-05 model2
13041 Q0 1 1 3.468e-05 model2
2585 Q0 1 1 0 model2
4365 Q0 1 1 3.3264e-05 model2
1361 Q0 1 1 3.6735e-05 model2
1363 Q0 1 1 3.50457e-05 model2
4366 Q0 1 1 3.34301e-05 model2
2587 Q0 1 1 3.01565e-05 model2
3484 Q0 1 1 1.21435e-05 model2
2588 Q0 1 1 3.83679e-05 model2
4003 Q0 1 1 2.87175e-05 model2
1364 Q0 1 1 5.10848e-05 model2
2589 Q0 1 1 3.31315e-05 model2
1365 Q0 1 1 2.39129e-05 model2
10421 Q0 1 1 3.8363e-05 model2
2590 Q0 1 1 3.02001e-05 model2
16003 Q0 1 1 2.00969e-05 model2
2591 Q0 1 1 3.54791e-05 model2
3846 Q0 1 1 3.4925e-05 model2
11944 Q0 1 1 5.21326e-05 model2
2593 Q0 1 1 3.67178e-05 model2
2594 Q0 1 1 3.40289e-05 model2
2595 Q0 1 1 3.36915e-05 model2
1368 Q0 1 1 4.4288e-05 model2
1369 Q0 1 1 4.46863e-05 model2
5801 Q0 1 1 2.14469e-05 model2
2596 Q0 1 1 6.16579e-05 model2
1370 Q0 1 1 2.2373e-05 model2
2598 Q0 1 1 6.48761e-05 model2
2599 Q0 1 1 3.51185e-05 model2
1372 Q0 1 1 2.56615e-05 model2
16183 Q0 1 1 3.61125e-05 model2
2600 Q0 1 1 3.5249e-05 model2
2173 Q0 1 1 3.76166e-05 model2
8021 Q0 1 1 3.36748e-05 model2
2110 Q0 1 1 5.10431e-05 model2
1376 Q0 1 1 3.046e-05 model2
1377 Q0 1 1 2.78414e-05 model2
3790 Q0 1 1 3.12142e-05 model2
2074 Q0 1 1 3.4385e-05 model2
1378 Q0 1 1 3.91627e-05 model2
1379 Q0 1 1 4.04269e-05 model2
1380 Q0 1 1 2.75721e-05 model2
7361 Q0 1 1 3.62598e-05 model2
4963 Q0 1 1 3.53969e-05 model2
4012 Q0 1 1 3.87005e-05 model2
4206 Q0 1 1 6.48761e-05 model2
10821 Q0 1 1 0 model2
1381 Q0 1 1 2.48464e-05 model2
2625 Q0 1 1 3.11754e-05 model2
2617 Q0 1 1 3.22902e-05 model2
2626 Q0 1 1 5.1054e-05 model2
9921 Q0 1 1 3.01089e-05 model2
1383 Q0 1 1 3.45027e-05 model2
13561 Q0 1 1 3.26587e-05 model2
13501 Q0 1 1 4.77475e-05 model2
2294 Q0 1 1 4.3291e-05 model2
2623 Q0 1 1 5.75552e-05 model2
2624 Q0 1 1 3.02401e-05 model2
16522 Q0 1 1 4.19042e-05 model2
16862 Q0 1 1 4.19042e-05 model2
1385 Q0 1 1 3.75461e-05 model2
1384 Q0 1 1 2.36471e-05 model2
1934 Q0 1 1 3.44925e-05 model2
1386 Q0 1 1 3.1355e-05 model2
3811 Q0 1 1 5.81606e-05 model2
8882 Q0 1 1 2.72303e-05 model2
14802 Q0 1 1 3.33764e-05 model2
2630 Q0 1 1 3.19747e-05 model2
15542 Q0 1 1 3.1408e-05 model2
2631 Q0 1 1 3.18475e-05 model2
2632 Q0 1 1 3.35749e-05 model2
3466 Q0 1 1 3.49532e-05 model2
1390 Q0 1 1 3.36079e-05 model2
1389 Q0 1 1 3.29861e-05 model2
1950 Q0 1 1 3.49532e-05 model2
8881 Q0 1 1 3.54392e-05 model2
1958 Q0 1 1 1.97761e-05 model2
1561 Q0 1 1 3.33135e-05 model2
1388 Q0 1 1 1.76859e-05 model2
13302 Q0 1 1 3.25469e-05 model2
4185 Q0 1 1 2.95969e-05 model2
4221 Q0 1 1 4.1293e-05 model2
1393 Q0 1 1 2.6393e-05 model2
4204 Q0 1 1 4.05481e-05 model2
1928 Q0 1 1 4.53753e-05 model2
2288 Q0 1 1 4.08622e-05 model2
2635 Q0 1 1 3.47543e-05 model2
2636 Q0 1 1 3.38335e-05 model2
2637 Q0 1 1 3.18661e-05 model2
4288 Q0 1 1 3.47432e-05 model2
1395 Q0 1 1 4.49836e-05 model2
1396 Q0 1 1 5.17792e-05 model2
5021 Q0 1 1 3.20045e-05 model2
2640 Q0 1 1 6.48761e-05 model2
1397 Q0 1 1 4.24293e-05 model2
5637 Q0 1 1 1.39374e-05 model2
15622 Q0 1 1 2.02183e-05 model2
2644 Q0 1 1 3.6207e-05 model2
4325 Q0 1 1 1.39885e-05 model2
2327 Q0 1 1 3.06282e-05 model2
1398 Q0 1 1 2.80818e-05 model2
1399 Q0 1 1 2.75529e-05 model2
7761 Q0 1 1 3.42519e-05 model2
1949 Q0 1 1 2.79051e-05 model2
1400 Q0 1 1 3.38251e-05 model2
2645 Q0 1 1 2.50013e-05 model2
4327 Q0 1 1 2.17019e-05 model2
2648 Q0 1 1 3.03073e-05 model2
3884 Q0 1 1 3.42705e-05 model2
2283 Q0 1 1 2.95855e-05 model2
10202 Q0 1 1 3.41113e-05 model2
4196 Q0 1 1 3.37773e-05 model2
17143 Q0 1 1 4.11593e-05 model2
1403 Q0 1 1 3.14682e-05 model2
2649 Q0 1 1 2.96576e-05 model2
2650 Q0 1 1 3.25311e-05 model2
6541 Q0 1 1 2.13059e-05 model2
7881 Q0 1 1 2.12613e-05 model2
16823 Q0 1 1 6.13078e-05 model2
4742 Q0 1 1 3.09658e-05 model2
4741 Q0 1 1 3.3649e-05 model2
16822 Q0 1 1 3.09658e-05 model2
2651 Q0 1 1 3.51712e-05 model2
4040 Q0 1 1 0 model2
2652 Q0 1 1 5.03831e-05 model2
6202 Q0 1 1 3.34152e-05 model2
2653 Q0 1 1 3.56633e-05 model2
4309 Q0 1 1 3.65884e-05 model2
1404 Q0 1 1 3.37821e-05 model2
3855 Q0 1 1 4.31711e-05 model2
4376 Q0 1 1 4.38252e-05 model2
2655 Q0 1 1 3.22712e-05 model2
3954 Q0 1 1 3.14051e-05 model2
4172 Q0 1 1 3.19823e-05 model2
1405 Q0 1 1 3.44427e-05 model2
3471 Q0 1 1 3.1004e-05 model2
2659 Q0 1 1 2.21246e-05 model2
2660 Q0 1 1 2.91274e-06 model2
2661 Q0 1 1 5.35643e-05 model2
5461 Q0 1 1 3.69754e-05 model2
7961 Q0 1 1 5.43664e-05 model2
2662 Q0 1 1 4.36107e-05 model2
4173 Q0 1 1 3.63141e-05 model2
1407 Q0 1 1 3.90377e-05 model2
6182 Q0 1 1 3.54675e-05 model2
11385 Q0 1 1 2.26283e-05 model2
7241 Q0 1 1 2.54481e-05 model2
1408 Q0 1 1 3.18852e-05 model2
3963 Q0 1 1 6.97877e-06 model2
4074 Q0 1 1 3.12946e-05 model2
3622 Q0 1 1 1.60961e-05 model2
12701 Q0 1 1 3.02048e-05 model2
2318 Q0 1 1 4.41346e-05 model2
3932 Q0 1 1 3.21193e-05 model2
5126 Q0 1 1 2.86075e-05 model2
1409 Q0 1 1 3.65646e-05 model2
4042 Q0 1 1 1.29741e-05 model2
1411 Q0 1 1 3.24952e-05 model2
3365 Q0 1 1 3.38457e-05 model2
2663 Q0 1 1 4.1589e-05 model2
3382 Q0 1 1 3.38586e-05 model2
4380 Q0 1 1 3.14397e-05 model2
2665 Q0 1 1 3.4207e-05 model2
2666 Q0 1 1 3.61384e-05 model2
2667 Q0 1 1 3.23269e-05 model2
2668 Q0 1 1 3.38573e-05 model2
1412 Q0 1 1 4.86098e-05 model2
2669 Q0 1 1 3.49949e-05 model2
2670 Q0 1 1 3.56864e-05 model2
2672 Q0 1 1 3.47775e-05 model2
10561 Q0 1 1 3.50616e-05 model2
12061 Q0 1 1 3.4653e-05 model2
8641 Q0 1 1 3.69001e-05 model2
6381 Q0 1 1 3.44871e-05 model2
2682 Q0 1 1 3.49824e-05 model2
1413 Q0 1 1 3.38445e-05 model2
2673 Q0 1 1 3.17876e-05 model2
1414 Q0 1 1 3.25888e-05 model2
7022 Q0 1 1 3.25682e-05 model2
7002 Q0 1 1 3.42529e-05 model2
2574 Q0 1 1 3.13553e-05 model2
8361 Q0 1 1 3.16625e-05 model2
2679 Q0 1 1 3.13927e-05 model2
12881 Q0 1 1 3.33615e-05 model2
6809 Q0 1 1 3.22921e-05 model2
5101 Q0 1 1 3.42109e-05 model2
8522 Q0 1 1 3.22196e-05 model2
2684 Q0 1 1 3.68119e-05 model2
1282 Q0 1 1 3.2871e-05 model2
3464 Q0 1 1 3.15502e-05 model2
6763 Q0 1 1 3.34685e-05 model2
1419 Q0 1 1 3.3187e-05 model2
7701 Q0 1 1 3.41253e-05 model2
1415 Q0 1 1 3.191e-05 model2
2013 Q0 1 1 3.62066e-05 model2
2686 Q0 1 1 3.54538e-05 model2
2687 Q0 1 1 3.49748e-05 model2
1416 Q0 1 1 3.22017e-05 model2
2689 Q0 1 1 3.56913e-05 model2
7021 Q0 1 1 3.43555e-05 model2
2691 Q0 1 1 3.3408e-05 model2
2721 Q0 1 1 3.35557e-05 model2
16443 Q0 1 1 3.35557e-05 model2
2692 Q0 1 1 3.18773e-05 model2
1418 Q0 1 1 3.44385e-05 model2
4381 Q0 1 1 3.33084e-05 model2
7041 Q0 1 1 3.49473e-05 model2
6201 Q0 1 1 3.47407e-05 model2
2693 Q0 1 1 3.2838e-05 model2
6221 Q0 1 1 3.44512e-05 model2
17147 Q0 1 1 1.18959e-06 model2
2696 Q0 1 1 1.75969e-05 model2
1420 Q0 1 1 1.75969e-05 model2
2697 Q0 1 1 2.92326e-05 model2
2056 Q0 1 1 3.04036e-05 model2
1421 Q0 1 1 1.54957e-06 model2
1422 Q0 1 1 3.41274e-05 model2
4032 Q0 1 1 3.73422e-05 model2
3985 Q0 1 1 3.3293e-05 model2
4082 Q0 1 1 3.02283e-05 model2
2311 Q0 1 1 4.52239e-05 model2
4168 Q0 1 1 3.73516e-05 model2
7721 Q0 1 1 5.78131e-05 model2
15464 Q0 1 1 3.73689e-05 model2
2701 Q0 1 1 3.96805e-05 model2
4080 Q0 1 1 3.38279e-05 model2
4385 Q0 1 1 4.87287e-05 model2
3868 Q0 1 1 4.08155e-05 model2
3975 Q0 1 1 3.50658e-05 model2
1423 Q0 1 1 3.66151e-05 model2
1424 Q0 1 1 4.13206e-06 model2
7722 Q0 1 1 3.42486e-05 model2
1929 Q0 1 1 4.49571e-05 model2
2067 Q0 1 1 3.53349e-05 model2
2064 Q0 1 1 4.35535e-05 model2
2705 Q0 1 1 3.37752e-05 model2
1425 Q0 1 1 3.43823e-05 model2
1426 Q0 1 1 3.51496e-05 model2
1042 Q0 1 1 3.68711e-05 model2
1427 Q0 1 1 3.6237e-05 model2
4182 Q0 1 1 5.25485e-05 model2
3390 Q0 1 1 4.64232e-05 model2
4026 Q0 1 1 4.48826e-05 model2
5321 Q0 1 1 3.10182e-05 model2
2707 Q0 1 1 3.69066e-05 model2
2708 Q0 1 1 3.46732e-05 model2
2710 Q0 1 1 3.03136e-05 model2
2712 Q0 1 1 3.41212e-05 model2
2711 Q0 1 1 5.99581e-05 model2
4046 Q0 1 1 0 model2
11261 Q0 1 1 4.09274e-05 model2
1430 Q0 1 1 3.8164e-05 model2
2713 Q0 1 1 3.27539e-05 model2
2714 Q0 1 1 3.69797e-05 model2
2715 Q0 1 1 3.28276e-05 model2
6813 Q0 1 1 3.15934e-05 model2
6621 Q0 1 1 2.77143e-05 model2
2716 Q0 1 1 3.05955e-05 model2
2718 Q0 1 1 3.4844e-05 model2
2719 Q0 1 1 3.28042e-05 model2
3666 Q0 1 1 4.98611e-05 model2
10401 Q0 1 1 7.81816e-06 model2
9402 Q0 1 1 3.70626e-05 model2
6521 Q0 1 1 4.15378e-05 model2
1431 Q0 1 1 3.39522e-05 model2
5822 Q0 1 1 5.68555e-05 model2
6802 Q0 1 1 3.21552e-05 model2
2167 Q0 1 1 1.12389e-05 model2
1432 Q0 1 1 3.63372e-05 model2
9192 Q0 1 1 3.26474e-05 model2
7103 Q0 1 1 3.67661e-05 model2
7102 Q0 1 1 3.85672e-05 model2
1435 Q0 1 1 3.65854e-05 model2
1436 Q0 1 1 3.17267e-05 model2
13901 Q0 1 1 3.27537e-05 model2
13341 Q0 1 1 3.5742e-05 model2
6844 Q0 1 1 3.24514e-05 model2
6383 Q0 1 1 3.40924e-05 model2
4391 Q0 1 1 3.13191e-05 model2
1437 Q0 1 1 3.3995e-05 model2
11161 Q0 1 1 3.52646e-05 model2
5968 Q0 1 1 4.16607e-05 model2
3883 Q0 1 1 3.71144e-05 model2
1438 Q0 1 1 3.05507e-05 model2
1444 Q0 1 1 3.30521e-05 model2
10221 Q0 1 1 3.37474e-05 model2
3958 Q0 1 1 3.02811e-05 model2
4062 Q0 1 1 2.60027e-05 model2
1440 Q0 1 1 3.19495e-05 model2
3391 Q0 1 1 3.16539e-05 model2
12063 Q0 1 1 3.07735e-05 model2
1061 Q0 1 1 3.30877e-05 model2
1441 Q0 1 1 3.24392e-05 model2
1442 Q0 1 1 3.25072e-05 model2
1443 Q0 1 1 2.80561e-05 model2
3841 Q0 1 1 3.25628e-05 model2
5561 Q0 1 1 3.26147e-05 model2
6382 Q0 1 1 3.18983e-05 model2
4056 Q0 1 1 3.35571e-05 model2
6842 Q0 1 1 3.2333e-05 model2
6384 Q0 1 1 3.23773e-05 model2
6764 Q0 1 1 3.2863e-05 model2
12604 Q0 1 1 3.25188e-05 model2
8825 Q0 1 1 4.31318e-05 model2
3664 Q0 1 1 3.38454e-05 model2
1446 Q0 1 1 3.38995e-05 model2
2723 Q0 1 1 3.20871e-05 model2
2724 Q0 1 1 3.26254e-05 model2
2725 Q0 1 1 4.57805e-05 model2
2329 Q0 1 1 6.48761e-05 model2
2727 Q0 1 1 3.53007e-05 model2
4105 Q0 1 1 3.41578e-05 model2
11181 Q0 1 1 3.60347e-05 model2
2729 Q0 1 1 3.51378e-05 model2
1448 Q0 1 1 2.87851e-05 model2
1449 Q0 1 1 3.10107e-05 model2
9381 Q0 1 1 3.61151e-05 model2
1983 Q0 1 1 3.36479e-05 model2
1450 Q0 1 1 4.36479e-05 model2
1451 Q0 1 1 3.4759e-05 model2
1452 Q0 1 1 3.78818e-05 model2
2735 Q0 1 1 3.7502e-05 model2
2736 Q0 1 1 3.4879e-05 model2
4398 Q0 1 1 2.32636e-05 model2
1453 Q0 1 1 4.5903e-05 model2
9124 Q0 1 1 3.72239e-05 model2
2292 Q0 1 1 4.33021e-05 model2
1456 Q0 1 1 4.33826e-05 model2
1892 Q0 1 1 4.23483e-05 model2
1457 Q0 1 1 3.59655e-05 model2
261 Q0 1 1 3.04156e-05 model2
4321 Q0 1 1 3.04156e-05 model2
2738 Q0 1 1 3.55152e-05 model2
2739 Q0 1 1 3.56735e-05 model2
2740 Q0 1 1 3.96167e-05 model2
2741 Q0 1 1 3.55195e-05 model2
7941 Q0 1 1 3.3316e-05 model2
1458 Q0 1 1 0 model2
1459 Q0 1 1 3.29039e-05 model2
2025 Q0 1 1 2.92563e-05 model2
2113 Q0 1 1 3.29319e-05 model2
6481 Q0 1 1 3.15544e-05 model2
1460 Q0 1 1 3.25613e-05 model2
4150 Q0 1 1 2.74868e-05 model2
1462 Q0 1 1 3.15526e-05 model2
1463 Q0 1 1 3.34092e-05 model2
2019 Q0 1 1 3.2221e-05 model2
1464 Q0 1 1 3.55222e-05 model2
2009 Q0 1 1 3.09563e-05 model2
2010 Q0 1 1 4.28357e-05 model2
5602 Q0 1 1 3.17929e-05 model2
16502 Q0 1 1 4.11379e-05 model2
2744 Q0 1 1 3.37014e-05 model2
4033 Q0 1 1 3.37167e-05 model2
2746 Q0 1 1 3.57188e-05 model2
2747 Q0 1 1 3.36141e-05 model2
601 Q0 1 1 3.55581e-05 model2
3561 Q0 1 1 3.36618e-05 model2
3383 Q0 1 1 3.29748e-05 model2
2753 Q0 1 1 3.42066e-05 model2
3858 Q0 1 1 3.35921e-05 model2
2755 Q0 1 1 3.19791e-05 model2
2756 Q0 1 1 3.46527e-05 model2
2758 Q0 1 1 3.31734e-05 model2
5548 Q0 1 1 3.32051e-05 model2
2750 Q0 1 1 3.24324e-05 model2
1467 Q0 1 1 3.67533e-05 model2
2761 Q0 1 1 3.48167e-05 model2
2071 Q0 1 1 3.32445e-05 model2
2565 Q0 1 1 3.32039e-05 model2
2754 Q0 1 1 3.77724e-05 model2
2762 Q0 1 1 3.57179e-05 model2
1469 Q0 1 1 3.35375e-05 model2
1470 Q0 1 1 3.78839e-05 model2
2752 Q0 1 1 3.28822e-05 model2
1471 Q0 1 1 3.44372e-05 model2
2764 Q0 1 1 3.18816e-05 model2
4104 Q0 1 1 3.44946e-05 model2
1472 Q0 1 1 3.25649e-05 model2
4110 Q0 1 1 3.3083e-05 model2
1474 Q0 1 1 3.11254e-05 model2
1477 Q0 1 1 3.02914e-05 model2
3831 Q0 1 1 3.08809e-05 model2
3476 Q0 1 1 4.03921e-05 model2
1478 Q0 1 1 3.11338e-05 model2
2200 Q0 1 1 3.77996e-05 model2
6321 Q0 1 1 2.55905e-05 model2
9661 Q0 1 1 2.93222e-05 model2
1479 Q0 1 1 6.48761e-05 model2
1480 Q0 1 1 4.50845e-05 model2
2765 Q0 1 1 3.08205e-05 model2
2766 Q0 1 1 3.40202e-05 model2
2767 Q0 1 1 3.29392e-05 model2
7702 Q0 1 1 3.72603e-05 model2
1481 Q0 1 1 3.21768e-05 model2
581 Q0 1 1 3.32963e-05 model2
4326 Q0 1 1 2.75709e-05 model2
17002 Q0 1 1 2.34445e-05 model2
1482 Q0 1 1 3.58363e-05 model2
2768 Q0 1 1 3.27875e-05 model2
1483 Q0 1 1 2.55366e-05 model2
4055 Q0 1 1 3.30982e-05 model2
1484 Q0 1 1 0 model2
1485 Q0 1 1 6.48761e-05 model2
2103 Q0 1 1 3.32668e-05 model2
3000 Q0 1 1 4.23954e-05 model2
2769 Q0 1 1 3.94122e-05 model2
1486 Q0 1 1 3.71808e-05 model2
5966 Q0 1 1 2.87568e-05 model2
7704 Q0 1 1 2.70233e-05 model2
4224 Q0 1 1 4.04071e-05 model2
1487 Q0 1 1 3.55044e-05 model2
1491 Q0 1 1 2.70362e-05 model2
2143 Q0 1 1 2.74696e-05 model2
5823 Q0 1 1 1.39539e-05 model2
2772 Q0 1 1 4.78445e-05 model2
16745 Q0 1 1 4.70374e-05 model2
16943 Q0 1 1 4.70374e-05 model2
4341 Q0 1 1 5.17221e-05 model2
1488 Q0 1 1 4.03006e-05 model2
2773 Q0 1 1 3.6324e-05 model2
2213 Q0 1 1 4.11115e-05 model2
2210 Q0 1 1 0 model2
7121 Q0 1 1 3.30688e-05 model2
2269 Q0 1 1 4.29431e-05 model2
2225 Q0 1 1 3.22034e-05 model2
7741 Q0 1 1 2.97784e-05 model2
3705 Q0 1 1 3.3104e-05 model2
1489 Q0 1 1 2.91068e-05 model2
1897 Q0 1 1 3.50821e-05 model2
11663 Q0 1 1 2.30793e-05 model2
3501 Q0 1 1 6.1394e-05 model2
5687 Q0 1 1 5.29767e-05 model2
2774 Q0 1 1 4.3604e-05 model2
7644 Q0 1 1 3.7626e-05 model2
7643 Q0 1 1 5.35274e-05 model2
3 Q0 1 1 4.10589e-05 model2
1490 Q0 1 1 3.0904e-05 model2
2099 Q0 1 1 5.88575e-05 model2
1976 Q0 1 1 3.41531e-05 model2
1492 Q0 1 1 5.79318e-06 model2
8141 Q0 1 1 5.38282e-05 model2
3938 Q0 1 1 3.26748e-05 model2
2020 Q0 1 1 3.20845e-05 model2
4121 Q0 1 1 2.94154e-05 model2
1493 Q0 1 1 6.48761e-05 model2
15103 Q0 1 1 3.9984e-05 model2
7282 Q0 1 1 3.38344e-05 model2
4200 Q0 1 1 0 model2
2777 Q0 1 1 1.91833e-05 model2
2334 Q0 1 1 2.15048e-05 model2
11461 Q0 1 1 3.13429e-05 model2
3840 Q0 1 1 3.4252e-05 model2
2778 Q0 1 1 3.47902e-05 model2
2779 Q0 1 1 4.38294e-05 model2
2274 Q0 1 1 3.7497e-05 model2
2780 Q0 1 1 3.20412e-05 model2
1495 Q0 1 1 3.28341e-05 model2
10141 Q0 1 1 3.23644e-05 model2
10325 Q0 1 1 3.01596e-05 model2
9043 Q0 1 1 3.13215e-05 model2
4406 Q0 1 1 3.48622e-05 model2
2005 Q0 1 1 3.28938e-05 model2
9188 Q0 1 1 2.63361e-05 model2
1862 Q0 1 1 2.4708e-05 model2
16542 Q0 1 1 2.6798e-05 model2
4409 Q0 1 1 3.52756e-05 model2
1569 Q0 1 1 3.0099e-05 model2
2781 Q0 1 1 2.19587e-05 model2
4407 Q0 1 1 3.19763e-05 model2
2782 Q0 1 1 3.58651e-05 model2
4405 Q0 1 1 3.09533e-05 model2
9981 Q0 1 1 5.09504e-05 model2
13722 Q0 1 1 5.13533e-05 model2
2784 Q0 1 1 3.21124e-05 model2
16946 Q0 1 1 3.67271e-05 model2
16947 Q0 1 1 3.67271e-05 model2
16751 Q0 1 1 4.00159e-05 model2
3930 Q0 1 1 5.1722e-05 model2
1497 Q0 1 1 3.47594e-05 model2
4227 Q0 1 1 4.07611e-05 model2
1939 Q0 1 1 4.45265e-05 model2
7222 Q0 1 1 4.46274e-05 model2
12403 Q0 1 1 9.3241e-06 model2
7221 Q0 1 1 1.19547e-05 model2
6741 Q0 1 1 3.56537e-05 model2
2786 Q0 1 1 9.03012e-06 model2
1499 Q0 1 1 4.47336e-05 model2
1500 Q0 1 1 4.82713e-05 model2
2787 Q0 1 1 3.21521e-05 model2
10182 Q0 1 1 3.38595e-05 model2
7001 Q0 1 1 3.17359e-05 model2
1501 Q0 1 1 3.24431e-05 model2
7202 Q0 1 1 3.35108e-05 model2
7201 Q0 1 1 3.38131e-05 model2
1502 Q0 1 1 3.27247e-05 model2
9024 Q0 1 1 6.15686e-05 model2
3665 Q0 1 1 0 model2
2789 Q0 1 1 3.33128e-05 model2
2790 Q0 1 1 2.49074e-05 model2
2792 Q0 1 1 3.55786e-05 model2
1503 Q0 1 1 3.22802e-05 model2
11664 Q0 1 1 4.27034e-05 model2
2083 Q0 1 1 3.4017e-05 model2
1504 Q0 1 1 2.44726e-05 model2
1506 Q0 1 1 3.28278e-05 model2
1507 Q0 1 1 2.44726e-05 model2
1505 Q0 1 1 3.00766e-05 model2
4251 Q0 1 1 1.38296e-05 model2
1508 Q0 1 1 6.48761e-05 model2
2136 Q0 1 1 3.0013e-05 model2
2081 Q0 1 1 3.29036e-05 model2
17202 Q0 1 1 2.44585e-05 model2
9181 Q0 1 1 6.02785e-06 model2
1894 Q0 1 1 2.89989e-05 model2
2046 Q0 1 1 6.83615e-06 model2
15942 Q0 1 1 3.37663e-05 model2
3812 Q0 1 1 4.55284e-05 model2
2794 Q0 1 1 3.7357e-05 model2
2795 Q0 1 1 3.51413e-05 model2
1978 Q0 1 1 3.1601e-05 model2
2796 Q0 1 1 3.58995e-05 model2
2797 Q0 1 1 2.88609e-05 model2
2091 Q0 1 1 2.65874e-05 model2
10761 Q0 1 1 3.63848e-05 model2
2222 Q0 1 1 3.4077e-05 model2
1510 Q0 1 1 2.05139e-05 model2
1511 Q0 1 1 6.48761e-05 model2
7841 Q0 1 1 3.61316e-05 model2
2295 Q0 1 1 6.00548e-05 model2
2800 Q0 1 1 3.50796e-05 model2
2146 Q0 1 1 3.38884e-05 model2
3789 Q0 1 1 4.13104e-05 model2
2315 Q0 1 1 3.00869e-05 model2
2079 Q0 1 1 3.24489e-05 model2
2000 Q0 1 1 3.17344e-05 model2
1512 Q0 1 1 2.79833e-05 model2
12221 Q0 1 1 3.1694e-05 model2
1513 Q0 1 1 1.9029e-05 model2
3624 Q0 1 1 3.37575e-05 model2
3642 Q0 1 1 3.04699e-05 model2
12743 Q0 1 1 5.65474e-05 model2
6181 Q0 1 1 4.65905e-05 model2
5043 Q0 1 1 3.5898e-06 model2
2187 Q0 1 1 3.09114e-05 model2
4418 Q0 1 1 3.99171e-05 model2
12943 Q0 1 1 0 model2
4921 Q0 1 1 0 model2
6882 Q0 1 1 4.03519e-05 model2
3375 Q0 1 1 3.48232e-05 model2
1514 Q0 1 1 2.80371e-05 model2
1515 Q0 1 1 3.56062e-05 model2
2801 Q0 1 1 3.59832e-05 model2
2802 Q0 1 1 3.43541e-05 model2
2803 Q0 1 1 3.62836e-05 model2
2141 Q0 1 1 2.2018e-05 model2
2160 Q0 1 1 2.7064e-05 model2
3373 Q0 1 1 3.07132e-05 model2
1516 Q0 1 1 3.10587e-05 model2
4237 Q0 1 1 2.51289e-05 model2
4239 Q0 1 1 3.42376e-05 model2
12281 Q0 1 1 6.48753e-06 model2
1517 Q0 1 1 3.25407e-05 model2
2806 Q0 1 1 3.19714e-05 model2
15002 Q0 1 1 4.24606e-05 model2
2060 Q0 1 1 2.91671e-05 model2
2184 Q0 1 1 3.61329e-05 model2
2045 Q0 1 1 3.1688e-05 model2
13981 Q0 1 1 1.93195e-05 model2
2256 Q0 1 1 2.37508e-05 model2
2069 Q0 1 1 2.43351e-06 model2
16742 Q0 1 1 3.43816e-05 model2
16942 Q0 1 1 3.43816e-05 model2
16743 Q0 1 1 4.04788e-05 model2
1940 Q0 1 1 3.85192e-05 model2
4252 Q0 1 1 3.41774e-05 model2
2324 Q0 1 1 4.04225e-05 model2
2326 Q0 1 1 6.48761e-05 model2
7703 Q0 1 1 4.09464e-05 model2
2052 Q0 1 1 3.48513e-05 model2
8944 Q0 1 1 2.07071e-05 model2
15523 Q0 1 1 4.21309e-05 model2
10842 Q0 1 1 2.86042e-05 model2
2273 Q0 1 1 3.3484e-05 model2
2808 Q0 1 1 3.71228e-05 model2
2809 Q0 1 1 3.80903e-05 model2
2254 Q0 1 1 2.66303e-05 model2
2810 Q0 1 1 3.96805e-05 model2
4162 Q0 1 1 3.66825e-05 model2
13861 Q0 1 1 2.92334e-05 model2
11362 Q0 1 1 2.71305e-05 model2
5629 Q0 1 1 5.34895e-05 model2
3886 Q0 1 1 3.55738e-05 model2
16752 Q0 1 1 3.74408e-05 model2
16944 Q0 1 1 3.74408e-05 model2
5044 Q0 1 1 0 model2
16748 Q0 1 1 3.48964e-05 model2
16948 Q0 1 1 3.48964e-05 model2
5630 Q0 1 1 2.14286e-05 model2
2441 Q0 1 1 3.93418e-05 model2
2068 Q0 1 1 4.32669e-05 model2
15104 Q0 1 1 4.53039e-05 model2
1519 Q0 1 1 3.49075e-05 model2
9122 Q0 1 1 3.7643e-05 model2
2264 Q0 1 1 3.6697e-05 model2
1898 Q0 1 1 3.57775e-05 model2
4422 Q0 1 1 3.47545e-05 model2
1520 Q0 1 1 4.37494e-05 model2
8461 Q0 1 1 3.34104e-05 model2
7321 Q0 1 1 5.34373e-05 model2
8945 Q0 1 1 6.29181e-05 model2
2814 Q0 1 1 2.79003e-05 model2
9641 Q0 1 1 3.23885e-05 model2
4035 Q0 1 1 3.57981e-05 model2
4539 Q0 1 1 3.23267e-05 model2
2815 Q0 1 1 3.09796e-05 model2
5805 Q0 1 1 3.2457e-05 model2
2171 Q0 1 1 3.00562e-05 model2
4098 Q0 1 1 3.25493e-05 model2
4165 Q0 1 1 3.44599e-05 model2
10263 Q0 1 1 6.48761e-05 model2
3367 Q0 1 1 0 model2
3401 Q0 1 1 3.38329e-05 model2
3842 Q0 1 1 4.04132e-05 model2
17122 Q0 1 1 2.38559e-05 model2
1941 Q0 1 1 3.8564e-05 model2
2817 Q0 1 1 4.18057e-05 model2
8002 Q0 1 1 3.27255e-05 model2
6815 Q0 1 1 4.35181e-05 model2
11962 Q0 1 1 3.76858e-05 model2
2818 Q0 1 1 3.07439e-05 model2
6401 Q0 1 1 5.11769e-05 model2
3489 Q0 1 1 3.30545e-05 model2
2151 Q0 1 1 3.8301e-05 model2
1522 Q0 1 1 3.58649e-05 model2
1524 Q0 1 1 3.48451e-05 model2
5621 Q0 1 1 3.77351e-05 model2
1525 Q0 1 1 1.06468e-05 model2
2172 Q0 1 1 3.34601e-05 model2
2340 Q0 1 1 3.37282e-05 model2
4291 Q0 1 1 3.69994e-05 model2
2826 Q0 1 1 1.38671e-05 model2
1526 Q0 1 1 2.9219e-05 model2
4294 Q0 1 1 3.42007e-05 model2
5806 Q0 1 1 2.30901e-05 model2
5804 Q0 1 1 1.84587e-05 model2
2827 Q0 1 1 3.96072e-05 model2
1527 Q0 1 1 2.04568e-05 model2
2828 Q0 1 1 6.33398e-05 model2
1528 Q0 1 1 2.87548e-05 model2
2829 Q0 1 1 3.42117e-05 model2
16722 Q0 1 1 3.36762e-05 model2
2830 Q0 1 1 3.17071e-05 model2
1529 Q0 1 1 3.63147e-05 model2
2054 Q0 1 1 2.79185e-05 model2
1530 Q0 1 1 2.06272e-05 model2
8302 Q0 1 1 4.40516e-05 model2
6183 Q0 1 1 3.7593e-05 model2
3965 Q0 1 1 4.46783e-05 model2
3109 Q0 1 1 3.93912e-05 model2
16322 Q0 1 1 4.30068e-05 model2
8922 Q0 1 1 4.82632e-05 model2
1532 Q0 1 1 3.73531e-05 model2
2836 Q0 1 1 3.18602e-05 model2
2837 Q0 1 1 3.07589e-05 model2
3785 Q0 1 1 3.35486e-05 model2
3786 Q0 1 1 3.01697e-05 model2
1533 Q0 1 1 3.01739e-05 model2
16602 Q0 1 1 2.54217e-05 model2
16662 Q0 1 1 2.54217e-05 model2
2153 Q0 1 1 4.06749e-05 model2
2154 Q0 1 1 6.05666e-05 model2
4061 Q0 1 1 4.30418e-05 model2
1534 Q0 1 1 3.62198e-05 model2
6742 Q0 1 1 3.79171e-05 model2
2843 Q0 1 1 4.01992e-05 model2
2845 Q0 1 1 3.11475e-05 model2
10967 Q0 1 1 3.27891e-05 model2
1535 Q0 1 1 2.87948e-05 model2
1987 Q0 1 1 3.1718e-05 model2
2849 Q0 1 1 3.30643e-05 model2
2850 Q0 1 1 3.17356e-05 model2
1536 Q0 1 1 3.44625e-05 model2
1537 Q0 1 1 4.26032e-05 model2
1952 Q0 1 1 3.36867e-05 model2
1222 Q0 1 1 3.45041e-05 model2
8581 Q0 1 1 3.61284e-05 model2
2852 Q0 1 1 3.6446e-05 model2
1538 Q0 1 1 4.26967e-05 model2
10942 Q0 1 1 4.90056e-05 model2
2854 Q0 1 1 3.81316e-05 model2
1539 Q0 1 1 3.59699e-05 model2
2109 Q0 1 1 3.81056e-05 model2
1540 Q0 1 1 3.66846e-05 model2
15602 Q0 1 1 3.35686e-05 model2
11401 Q0 1 1 3.85379e-05 model2
4941 Q0 1 1 3.67467e-05 model2
1895 Q0 1 1 2.89476e-05 model2
2856 Q0 1 1 3.42561e-05 model2
15422 Q0 1 1 5.65241e-05 model2
1541 Q0 1 1 2.99647e-05 model2
3880 Q0 1 1 4.64137e-05 model2
2857 Q0 1 1 3.48918e-05 model2
16462 Q0 1 1 3.58933e-05 model2
4348 Q0 1 1 3.62915e-05 model2
1542 Q0 1 1 3.04816e-05 model2
3957 Q0 1 1 3.36256e-05 model2
4083 Q0 1 1 3.05779e-05 model2
12781 Q0 1 1 3.48733e-05 model2
3761 Q0 1 1 3.11149e-05 model2
1543 Q0 1 1 3.27924e-05 model2
1544 Q0 1 1 2.91382e-05 model2
1545 Q0 1 1 3.37511e-05 model2
6403 Q0 1 1 3.52684e-05 model2
1546 Q0 1 1 2.96059e-05 model2
8241 Q0 1 1 3.12698e-05 model2
1547 Q0 1 1 3.34083e-05 model2
1548 Q0 1 1 3.2008e-05 model2
3921 Q0 1 1 3.23615e-05 model2
12021 Q0 1 1 3.92057e-05 model2
15262 Q0 1 1 3.03247e-05 model2
1549 Q0 1 1 3.39355e-05 model2
13701 Q0 1 1 3.29956e-05 model2
2867 Q0 1 1 3.21885e-05 model2
4002 Q0 1 1 2.8395e-05 model2
6223 Q0 1 1 3.10044e-05 model2
1550 Q0 1 1 3.16986e-05 model2
2869 Q0 1 1 3.37235e-05 model2
1551 Q0 1 1 3.25612e-05 model2
2870 Q0 1 1 3.34419e-05 model2
3485 Q0 1 1 4.15529e-05 model2
16826 Q0 1 1 3.22576e-05 model2
3473 Q0 1 1 3.24612e-05 model2
3762 Q0 1 1 2.70357e-05 model2
4281 Q0 1 1 3.20079e-05 model2
2873 Q0 1 1 3.94623e-05 model2
2874 Q0 1 1 3.81406e-05 model2
4078 Q0 1 1 3.35501e-05 model2
3488 Q0 1 1 3.48194e-05 model2
1552 Q0 1 1 3.68652e-05 model2
2338 Q0 1 1 3.81388e-05 model2
2877 Q0 1 1 3.51974e-05 model2
12041 Q0 1 1 3.52327e-05 model2
4434 Q0 1 1 4.37483e-05 model2
2072 Q0 1 1 3.18556e-05 model2
2149 Q0 1 1 3.4676e-05 model2
4882 Q0 1 1 2.25558e-05 model2
16162 Q0 1 1 1.68812e-05 model2
1868 Q0 1 1 2.7552e-05 model2
15163 Q0 1 1 3.20375e-05 model2
16883 Q0 1 1 7.78567e-06 model2
2880 Q0 1 1 3.80718e-05 model2
2881 Q0 1 1 5.50697e-05 model2
2882 Q0 1 1 3.07577e-05 model2
4164 Q0 1 1 3.61227e-05 model2
1553 Q0 1 1 2.92695e-05 model2
2887 Q0 1 1 3.29418e-05 model2
3368 Q0 1 1 2.15741e-05 model2
3463 Q0 1 1 3.41205e-05 model2
2888 Q0 1 1 3.26283e-05 model2
2891 Q0 1 1 2.71455e-05 model2
1867 Q0 1 1 2.25332e-05 model2
1866 Q0 1 1 2.41635e-05 model2
1865 Q0 1 1 3.00328e-05 model2
13261 Q0 1 1 2.09868e-05 model2
9185 Q0 1 1 3.70832e-05 model2
9186 Q0 1 1 3.0873e-05 model2
9184 Q0 1 1 3.00585e-05 model2
9183 Q0 1 1 3.34913e-05 model2
5641 Q0 1 1 2.99174e-05 model2
2894 Q0 1 1 3.57559e-05 model2
2892 Q0 1 1 3.32092e-05 model2
2893 Q0 1 1 3.58995e-05 model2
2895 Q0 1 1 3.69746e-05 model2
2896 Q0 1 1 3.33028e-05 model2
1554 Q0 1 1 5.05926e-05 model2
6001 Q0 1 1 3.32153e-05 model2
15743 Q0 1 1 3.6267e-05 model2
10241 Q0 1 1 3.03894e-05 model2
7542 Q0 1 1 3.84971e-05 model2
2897 Q0 1 1 2.8182e-05 model2
5883 Q0 1 1 3.11707e-05 model2
13641 Q0 1 1 3.16415e-05 model2
17063 Q0 1 1 4.28336e-05 model2
10621 Q0 1 1 3.70047e-05 model2
2899 Q0 1 1 2.52918e-05 model2
15562 Q0 1 1 1.63571e-05 model2
4073 Q0 1 1 2.42119e-05 model2
1555 Q0 1 1 2.87444e-05 model2
4070 Q0 1 1 6.15665e-05 model2
1556 Q0 1 1 5.7748e-05 model2
7781 Q0 1 1 4.91277e-05 model2
1557 Q0 1 1 4.19868e-05 model2
1558 Q0 1 1 3.10464e-05 model2
1559 Q0 1 1 4.47867e-05 model2
5562 Q0 1 1 4.13845e-05 model2
2331 Q0 1 1 2.77388e-05 model2
4254 Q0 1 1 4.49338e-05 model2
2287 Q0 1 1 2.69136e-05 model2
14882 Q0 1 1 1.69555e-05 model2
862 Q0 1 1 2.97565e-05 model2
1914 Q0 1 1 1.54123e-05 model2
16762 Q0 1 1 2.89416e-05 model2
16949 Q0 1 1 2.89416e-05 model2
1884 Q0 1 1 2.74488e-05 model2
2240 Q0 1 1 3.51934e-05 model2
2900 Q0 1 1 3.32909e-05 model2
7861 Q0 1 1 3.60474e-05 model2
2137 Q0 1 1 2.54575e-05 model2
3523 Q0 1 1 0 model2
2335 Q0 1 1 3.71251e-05 model2
2901 Q0 1 1 3.6633e-05 model2
3983 Q0 1 1 3.53329e-05 model2
12603 Q0 1 1 3.30351e-05 model2
4016 Q0 1 1 3.18557e-05 model2
10741 Q0 1 1 4.05421e-05 model2
1562 Q0 1 1 2.26424e-05 model2
1563 Q0 1 1 4.65707e-05 model2
2042 Q0 1 1 3.26391e-05 model2
9203 Q0 1 1 9.98443e-07 model2
2905 Q0 1 1 3.16356e-05 model2
6981 Q0 1 1 3.97445e-05 model2
11402 Q0 1 1 3.07435e-05 model2
2174 Q0 1 1 2.63367e-05 model2
2197 Q0 1 1 2.67895e-05 model2
5688 Q0 1 1 1.58996e-05 model2
4287 Q0 1 1 6.48761e-05 model2
1847 Q0 1 1 2.7097e-05 model2
2341 Q0 1 1 2.88137e-05 model2
1565 Q0 1 1 5.339e-05 model2
1566 Q0 1 1 2.58114e-06 model2
5689 Q0 1 1 5.14135e-05 model2
1567 Q0 1 1 5.81875e-05 model2
4439 Q0 1 1 5.07313e-05 model2
11381 Q0 1 1 1.88105e-05 model2
3791 Q0 1 1 2.85773e-05 model2
1901 Q0 1 1 4.87063e-05 model2
11382 Q0 1 1 1.70625e-05 model2
4236 Q0 1 1 2.57075e-05 model2
11384 Q0 1 1 2.39432e-05 model2
1568 Q0 1 1 2.92107e-05 model2
2086 Q0 1 1 5.32947e-05 model2
1904 Q0 1 1 9.51317e-06 model2
2092 Q0 1 1 1.8595e-05 model2
1915 Q0 1 1 3.07168e-05 model2
1899 Q0 1 1 1.2853e-05 model2
13881 Q0 1 1 3.28362e-05 model2
16565 Q0 1 1 6.3456e-05 model2
281 Q0 1 1 3.09132e-05 model2
4238 Q0 1 1 3.13028e-05 model2
8301 Q0 1 1 2.82802e-05 model2
2907 Q0 1 1 3.4197e-05 model2
4661 Q0 1 1 0 model2
2908 Q0 1 1 3.93906e-05 model2
1570 Q0 1 1 3.51343e-05 model2
2909 Q0 1 1 2.06718e-05 model2
7261 Q0 1 1 4.04225e-05 model2
16702 Q0 1 1 3.48543e-05 model2
2910 Q0 1 1 1.55249e-05 model2
2911 Q0 1 1 0 model2
3491 Q0 1 1 3.20176e-05 model2
2912 Q0 1 1 5.45054e-05 model2
2913 Q0 1 1 3.53189e-05 model2
4194 Q0 1 1 3.20797e-05 model2
2914 Q0 1 1 1.36157e-05 model2
3703 Q0 1 1 3.33386e-05 model2
6561 Q0 1 1 3.46511e-05 model2
1572 Q0 1 1 3.30799e-05 model2
1573 Q0 1 1 3.24894e-05 model2
2915 Q0 1 1 3.89234e-05 model2
3941 Q0 1 1 3.47771e-05 model2
4041 Q0 1 1 4.21995e-05 model2
2303 Q0 1 1 3.3434e-05 model2
2918 Q0 1 1 3.20637e-05 model2
2919 Q0 1 1 2.5491e-05 model2
2920 Q0 1 1 6.40391e-06 model2
2921 Q0 1 1 6.48761e-05 model2
7441 Q0 1 1 2.81131e-05 model2
2922 Q0 1 1 2.84362e-05 model2
3869 Q0 1 1 2.62628e-05 model2
1574 Q0 1 1 5.64685e-05 model2
4886 Q0 1 1 8.30027e-06 model2
15982 Q0 1 1 8.30027e-06 model2
1896 Q0 1 1 2.75644e-05 model2
2924 Q0 1 1 3.67992e-05 model2
4149 Q0 1 1 3.54891e-05 model2
4881 Q0 1 1 1.2397e-05 model2
13661 Q0 1 1 3.19992e-05 model2
6501 Q0 1 1 9.51602e-06 model2
13301 Q0 1 1 1.79581e-06 model2
1575 Q0 1 1 3.37574e-05 model2
11481 Q0 1 1 0 model2
13361 Q0 1 1 0 model2
8341 Q0 1 1 3.34971e-05 model2
12641 Q0 1 1 3.37415e-05 model2
2926 Q0 1 1 3.36839e-05 model2
2061 Q0 1 1 3.49779e-05 model2
121 Q0 1 1 3.49779e-05 model2
9461 Q0 1 1 3.43913e-05 model2
11701 Q0 1 1 3.68187e-05 model2
8501 Q0 1 1 5.80691e-05 model2
2927 Q0 1 1 2.57488e-05 model2
2928 Q0 1 1 3.38623e-05 model2
2929 Q0 1 1 3.54706e-05 model2
1577 Q0 1 1 3.971e-05 model2
6361 Q0 1 1 3.37216e-05 model2
4199 Q0 1 1 0 model2
2932 Q0 1 1 3.67016e-05 model2
1578 Q0 1 1 2.47905e-05 model2
2933 Q0 1 1 2.46858e-05 model2
2934 Q0 1 1 3.26763e-05 model2
1579 Q0 1 1 3.14132e-05 model2
7842 Q0 1 1 3.67457e-05 model2
2935 Q0 1 1 3.37831e-05 model2
2936 Q0 1 1 2.57114e-05 model2
2937 Q0 1 1 0 model2
9121 Q0 1 1 3.34341e-06 model2
7283 Q0 1 1 6.11974e-05 model2
2938 Q0 1 1 5.27407e-05 model2
2939 Q0 1 1 3.39512e-05 model2
2940 Q0 1 1 3.86888e-05 model2
10601 Q0 1 1 2.97365e-05 model2
1581 Q0 1 1 6.48761e-05 model2
3984 Q0 1 1 3.04979e-05 model2
1582 Q0 1 1 3.36384e-05 model2
1583 Q0 1 1 2.5893e-05 model2
8101 Q0 1 1 3.73331e-05 model2
2941 Q0 1 1 3.40625e-05 model2
3102 Q0 1 1 3.44591e-05 model2
2942 Q0 1 1 4.10252e-05 model2
2943 Q0 1 1 5.05401e-05 model2
8362 Q0 1 1 2.33314e-05 model2
4123 Q0 1 1 4.29036e-05 model2
2135 Q0 1 1 2.80311e-05 model2
4248 Q0 1 1 2.69767e-05 model2
2162 Q0 1 1 3.01741e-05 model2
12462 Q0 1 1 2.7162e-05 model2
942 Q0 1 1 3.9137e-05 model2
5631 Q0 1 1 1.50739e-05 model2
5181 Q0 1 1 4.39849e-05 model2
2015 Q0 1 1 3.26303e-05 model2
2104 Q0 1 1 1.85799e-05 model2
2235 Q0 1 1 1.11379e-05 model2
7646 Q0 1 1 3.9453e-05 model2
15162 Q0 1 1 3.55074e-05 model2
1584 Q0 1 1 3.21494e-05 model2
1885 Q0 1 1 4.89393e-05 model2
17182 Q0 1 1 3.92812e-05 model2
2944 Q0 1 1 2.41142e-05 model2
5690 Q0 1 1 4.92455e-05 model2
2945 Q0 1 1 4.57507e-05 model2
2280 Q0 1 1 3.12464e-05 model2
16362 Q0 1 1 3.31573e-05 model2
7161 Q0 1 1 2.59552e-05 model2
2946 Q0 1 1 3.31434e-05 model2
1585 Q0 1 1 3.50992e-05 model2
2947 Q0 1 1 3.12383e-05 model2
1893 Q0 1 1 3.27207e-05 model2
9045 Q0 1 1 3.42235e-05 model2
2948 Q0 1 1 2.0451e-05 model2
2949 Q0 1 1 1.30974e-06 model2
2950 Q0 1 1 2.66895e-05 model2
1586 Q0 1 1 3.91784e-05 model2
2189 Q0 1 1 3.56168e-05 model2
1587 Q0 1 1 2.9689e-05 model2
5361 Q0 1 1 3.85088e-05 model2
1920 Q0 1 1 3.96688e-05 model2
2090 Q0 1 1 4.05087e-05 model2
2951 Q0 1 1 3.13065e-05 model2
5632 Q0 1 1 3.89051e-05 model2
2314 Q0 1 1 3.42498e-05 model2
4177 Q0 1 1 3.49278e-05 model2
1588 Q0 1 1 5.3541e-06 model2
1589 Q0 1 1 2.79752e-05 model2
1590 Q0 1 1 3.15902e-05 model2
3461 Q0 1 1 3.17129e-05 model2
2481 Q0 1 1 3.00499e-05 model2
4118 Q0 1 1 3.37244e-05 model2
17162 Q0 1 1 3.28753e-05 model2
3465 Q0 1 1 3.29997e-05 model2
3829 Q0 1 1 3.17561e-05 model2
1591 Q0 1 1 3.88899e-05 model2
2957 Q0 1 1 1.59756e-05 model2
2958 Q0 1 1 5.34935e-05 model2
15202 Q0 1 1 5.34935e-05 model2
2959 Q0 1 1 3.39577e-05 model2
2169 Q0 1 1 1.5899e-05 model2
1984 Q0 1 1 3.58142e-05 model2
1995 Q0 1 1 2.40388e-05 model2
1201 Q0 1 1 2.40388e-05 model2
3821 Q0 1 1 3.42642e-05 model2
5633 Q0 1 1 1.24505e-05 model2
1593 Q0 1 1 3.54964e-05 model2
2145 Q0 1 1 3.39409e-05 model2
2148 Q0 1 1 3.50662e-05 model2
1595 Q0 1 1 3.54863e-05 model2
2964 Q0 1 1 6.48761e-05 model2
1596 Q0 1 1 3.47007e-05 model2
1597 Q0 1 1 3.13766e-05 model2
1598 Q0 1 1 3.42957e-05 model2
2968 Q0 1 1 3.38189e-05 model2
3168 Q0 1 1 3.49221e-05 model2
7641 Q0 1 1 2.10931e-05 model2
1599 Q0 1 1 2.95685e-05 model2
1601 Q0 1 1 3.35026e-05 model2
2979 Q0 1 1 3.23536e-05 model2
5549 Q0 1 1 3.35227e-05 model2
9561 Q0 1 1 3.31309e-05 model2
1602 Q0 1 1 3.13909e-05 model2
2981 Q0 1 1 3.29181e-05 model2
2337 Q0 1 1 4.52114e-05 model2
2982 Q0 1 1 4.43331e-05 model2
3369 Q0 1 1 2.67869e-05 model2
9001 Q0 1 1 6.48761e-05 model2
1603 Q0 1 1 2.38763e-05 model2
2985 Q0 1 1 3.83567e-06 model2
3366 Q0 1 1 5.72079e-05 model2
6841 Q0 1 1 4.16614e-05 model2
2986 Q0 1 1 3.14002e-05 model2
6817 Q0 1 1 3.53386e-05 model2
2987 Q0 1 1 3.19401e-05 model2
2988 Q0 1 1 4.22229e-05 model2
262 Q0 1 1 4.05609e-05 model2
161 Q0 1 1 4.87033e-05 model2
2989 Q0 1 1 3.71817e-05 model2
1604 Q0 1 1 2.58365e-05 model2
1605 Q0 1 1 3.34828e-05 model2
2990 Q0 1 1 3.86207e-05 model2
2991 Q0 1 1 3.16933e-05 model2
1606 Q0 1 1 2.78208e-05 model2
17064 Q0 1 1 4.97986e-05 model2
1916 Q0 1 1 5.11379e-05 model2
8683 Q0 1 1 2.4972e-05 model2
1607 Q0 1 1 2.25495e-05 model2
13401 Q0 1 1 5.23433e-05 model2
4453 Q0 1 1 1.30204e-05 model2
1286 Q0 1 1 3.53778e-05 model2
1608 Q0 1 1 3.53778e-05 model2
2085 Q0 1 1 3.52878e-05 model2
2073 Q0 1 1 3.77605e-05 model2
3814 Q0 1 1 0 model2
10841 Q0 1 1 3.91127e-05 model2
1609 Q0 1 1 4.06372e-05 model2
9361 Q0 1 1 3.27762e-05 model2
362 Q0 1 1 6.86797e-06 model2
2994 Q0 1 1 4.50443e-05 model2
2995 Q0 1 1 3.4099e-05 model2
3663 Q0 1 1 4.13955e-05 model2
2996 Q0 1 1 3.96937e-05 model2
2997 Q0 1 1 3.22924e-05 model2
2241 Q0 1 1 2.95463e-05 model2
2003 Q0 1 1 3.29022e-05 model2
3901 Q0 1 1 3.64837e-05 model2
2002 Q0 1 1 3.75369e-05 model2
12202 Q0 1 1 2.20777e-05 model2
14822 Q0 1 1 3.16264e-05 model2
1970 Q0 1 1 3.74067e-05 model2
1610 Q0 1 1 3.0767e-05 model2
16182 Q0 1 1 3.54625e-05 model2
2102 Q0 1 1 3.69457e-05 model2
2999 Q0 1 1 3.35276e-05 model2
10381 Q0 1 1 2.53469e-05 model2
3001 Q0 1 1 3.50813e-05 model2
3641 Q0 1 1 3.40425e-05 model2
3521 Q0 1 1 4.3059e-05 model2
1611 Q0 1 1 4.86684e-05 model2
2008 Q0 1 1 3.28971e-05 model2
3807 Q0 1 1 6.48761e-05 model2
4885 Q0 1 1 5.79402e-05 model2
1954 Q0 1 1 3.39305e-05 model2
1975 Q0 1 1 3.19147e-05 model2
1658 Q0 1 1 3.35864e-05 model2
6781 Q0 1 1 3.09713e-05 model2
1612 Q0 1 1 3.46238e-05 model2
1748 Q0 1 1 3.39856e-05 model2
15842 Q0 1 1 3.34513e-05 model2
2300 Q0 1 1 3.50043e-05 model2
1613 Q0 1 1 2.8534e-05 model2
101 Q0 1 1 3.68089e-05 model2
3005 Q0 1 1 3.57396e-05 model2
3008 Q0 1 1 3.37593e-05 model2
1614 Q0 1 1 3.43177e-05 model2
5741 Q0 1 1 2.25785e-05 model2
5691 Q0 1 1 2.1525e-05 model2
1615 Q0 1 1 3.45319e-05 model2
3601 Q0 1 1 3.38265e-05 model2
1922 Q0 1 1 3.55714e-05 model2
4187 Q0 1 1 4.59847e-05 model2
7301 Q0 1 1 4.04081e-05 model2
13602 Q0 1 1 4.18469e-05 model2
10322 Q0 1 1 3.23644e-05 model2
1617 Q0 1 1 2.8549e-05 model2
1618 Q0 1 1 4.41081e-05 model2
14803 Q0 1 1 2.43966e-05 model2
15302 Q0 1 1 6.06178e-05 model2
3013 Q0 1 1 3.29947e-05 model2
3522 Q0 1 1 3.28215e-05 model2
1619 Q0 1 1 3.32463e-05 model2
3380 Q0 1 1 2.27402e-05 model2
3018 Q0 1 1 3.27423e-05 model2
3019 Q0 1 1 3.62258e-05 model2
1621 Q0 1 1 8.67296e-06 model2
5581 Q0 1 1 2.44997e-05 model2
1625 Q0 1 1 4.35707e-05 model2
1626 Q0 1 1 3.3277e-05 model2
1627 Q0 1 1 3.03253e-05 model2
4005 Q0 1 1 2.1238e-05 model2
11621 Q0 1 1 3.42202e-05 model2
11321 Q0 1 1 3.50314e-05 model2
1629 Q0 1 1 4.0884e-05 model2
3021 Q0 1 1 3.37732e-05 model2
4458 Q0 1 1 3.2732e-05 model2
3022 Q0 1 1 2.98218e-05 model2
3024 Q0 1 1 3.18632e-05 model2
3025 Q0 1 1 4.65316e-05 model2
3026 Q0 1 1 5.95663e-05 model2
981 Q0 1 1 2.12787e-05 model2
8903 Q0 1 1 1.33477e-05 model2
4562 Q0 1 1 2.84787e-05 model2
4459 Q0 1 1 4.67814e-05 model2
4460 Q0 1 1 4.00566e-05 model2
11881 Q0 1 1 3.36544e-05 model2
3027 Q0 1 1 3.62711e-05 model2
5821 Q0 1 1 2.99226e-05 model2
6441 Q0 1 1 3.57811e-05 model2
1863 Q0 1 1 3.28152e-05 model2
2041 Q0 1 1 3.31662e-05 model2
2048 Q0 1 1 3.03615e-05 model2
3033 Q0 1 1 3.0478e-05 model2
11961 Q0 1 1 2.78505e-05 model2
1632 Q0 1 1 3.28953e-05 model2
3034 Q0 1 1 3.67624e-05 model2
3035 Q0 1 1 3.21758e-05 model2
3036 Q0 1 1 3.56402e-05 model2
4861 Q0 1 1 8.94062e-06 model2
3388 Q0 1 1 3.36766e-05 model2
1633 Q0 1 1 3.16504e-05 model2
3386 Q0 1 1 3.19499e-05 model2
16753 Q0 1 1 4.0046e-05 model2
16945 Q0 1 1 4.0046e-05 model2
2017 Q0 1 1 2.93857e-05 model2
1634 Q0 1 1 2.23924e-05 model2
12941 Q0 1 1 3.33436e-05 model2
2134 Q0 1 1 3.71599e-05 model2
11404 Q0 1 1 3.48349e-05 model2
11403 Q0 1 1 3.24934e-05 model2
10441 Q0 1 1 3.53466e-05 model2
7882 Q0 1 1 2.12613e-05 model2
3794 Q0 1 1 3.89269e-05 model2
9201 Q0 1 1 3.52032e-05 model2
3039 Q0 1 1 4.71139e-05 model2
1951 Q0 1 1 3.07275e-05 model2
3041 Q0 1 1 3.15466e-05 model2
3042 Q0 1 1 3.10334e-05 model2
1956 Q0 1 1 3.08151e-05 model2
3043 Q0 1 1 3.05269e-05 model2
4307 Q0 1 1 3.8412e-05 model2
16282 Q0 1 1 1.98581e-05 model2
15822 Q0 1 1 6.52515e-06 model2
3681 Q0 1 1 3.39583e-05 model2
1635 Q0 1 1 4.23669e-05 model2
4175 Q0 1 1 3.56041e-05 model2
3044 Q0 1 1 3.60191e-05 model2
3045 Q0 1 1 4.68384e-05 model2
8342 Q0 1 1 3.22519e-05 model2
8081 Q0 1 1 1.85582e-05 model2
3046 Q0 1 1 3.01318e-05 model2
6823 Q0 1 1 3.29545e-05 model2
3047 Q0 1 1 3.09504e-05 model2
2239 Q0 1 1 3.69361e-05 model2
12122 Q0 1 1 4.26635e-05 model2
10901 Q0 1 1 6.0031e-05 model2
1887 Q0 1 1 9.9411e-06 model2
2142 Q0 1 1 0 model2
4167 Q0 1 1 3.17548e-05 model2
10521 Q0 1 1 3.31285e-05 model2
421 Q0 1 1 3.87653e-05 model2
4463 Q0 1 1 3.87653e-05 model2
1637 Q0 1 1 3.94823e-05 model2
8121 Q0 1 1 2.68623e-05 model2
8781 Q0 1 1 3.56236e-05 model2
1638 Q0 1 1 3.28908e-05 model2
3051 Q0 1 1 3.3587e-05 model2
1639 Q0 1 1 3.40877e-05 model2
3052 Q0 1 1 3.24868e-05 model2
3053 Q0 1 1 3.32592e-05 model2
3054 Q0 1 1 3.32178e-05 model2
3056 Q0 1 1 3.28509e-05 model2
1640 Q0 1 1 3.34427e-05 model2
3058 Q0 1 1 3.31685e-05 model2
6803 Q0 1 1 3.09929e-05 model2
2243 Q0 1 1 2.12521e-05 model2
5061 Q0 1 1 2.60625e-05 model2
1221 Q0 1 1 4.02872e-05 model2
1641 Q0 1 1 4.02872e-05 model2
8684 Q0 1 1 2.85079e-05 model2
3061 Q0 1 1 2.7638e-05 model2
8943 Q0 1 1 0 model2
1979 Q0 1 1 2.89051e-05 model2
4001 Q0 1 1 3.48262e-05 model2
6081 Q0 1 1 3.51016e-05 model2
2208 Q0 1 1 3.42989e-05 model2
5623 Q0 1 1 3.17244e-05 model2
2130 Q0 1 1 2.81036e-05 model2
3062 Q0 1 1 3.21134e-05 model2
3063 Q0 1 1 3.33045e-05 model2
12062 Q0 1 1 3.21522e-05 model2
7401 Q0 1 1 2.9483e-05 model2
7284 Q0 1 1 6.03427e-05 model2
16622 Q0 1 1 3.13623e-05 model2
7501 Q0 1 1 3.77743e-05 model2
4077 Q0 1 1 3.58902e-05 model2
2680 Q0 1 1 3.99181e-05 model2
16682 Q0 1 1 3.64963e-05 model2
1982 Q0 1 1 3.77588e-05 model2
3065 Q0 1 1 3.73442e-05 model2
3833 Q0 1 1 3.95054e-05 model2
11641 Q0 1 1 3.8622e-05 model2
3319 Q0 1 1 3.88784e-05 model2
5766 Q0 1 1 3.46685e-05 model2
3142 Q0 1 1 3.36574e-05 model2
3068 Q0 1 1 2.14609e-05 model2
3069 Q0 1 1 3.37426e-05 model2
3070 Q0 1 1 3.59563e-05 model2
4308 Q0 1 1 3.49467e-05 model2
5692 Q0 1 1 3.42596e-05 model2
3071 Q0 1 1 5.46188e-05 model2
17146 Q0 1 1 6.48761e-05 model2
6881 Q0 1 1 4.62216e-05 model2
1861 Q0 1 1 1.29854e-05 model2
1923 Q0 1 1 3.62633e-05 model2
1645 Q0 1 1 2.53082e-05 model2
3643 Q0 1 1 3.49858e-05 model2
4468 Q0 1 1 3.21001e-05 model2
1622 Q0 1 1 1.75303e-05 model2
1647 Q0 1 1 2.54809e-05 model2
3475 Q0 1 1 3.221e-05 model2
7682 Q0 1 1 3.0791e-05 model2
11343 Q0 1 1 3.79069e-05 model2
5546 Q0 1 1 2.88695e-05 model2
5421 Q0 1 1 2.65166e-05 model2
1651 Q0 1 1 3.16892e-05 model2
1652 Q0 1 1 4.30722e-05 model2
5550 Q0 1 1 6.48761e-05 model2
13402 Q0 1 1 4.59815e-05 model2
1653 Q0 1 1 3.63685e-05 model2
1654 Q0 1 1 4.03662e-05 model2
1655 Q0 1 1 6.18468e-05 model2
2220 Q0 1 1 3.40792e-05 model2
3076 Q0 1 1 3.3198e-05 model2
7561 Q0 1 1 3.01727e-05 model2
6818 Q0 1 1 3.18632e-05 model2
3078 Q0 1 1 3.29661e-05 model2
3079 Q0 1 1 3.26258e-05 model2
1656 Q0 1 1 3.11654e-05 model2
13181 Q0 1 1 3.53625e-05 model2
1657 Q0 1 1 2.7382e-05 model2
13281 Q0 1 1 9.71414e-06 model2
7562 Q0 1 1 3.52485e-05 model2
9202 Q0 1 1 2.78037e-05 model2
3081 Q0 1 1 3.45422e-05 model2
2823 Q0 1 1 3.17304e-05 model2
4472 Q0 1 1 3.62024e-05 model2
9421 Q0 1 1 3.50996e-05 model2
3082 Q0 1 1 3.05279e-05 model2
2285 Q0 1 1 2.51467e-05 model2
3851 Q0 1 1 3.43949e-05 model2
1927 Q0 1 1 0 model2
3085 Q0 1 1 3.32878e-05 model2
4084 Q0 1 1 0 model2
6281 Q0 1 1 1.57433e-05 model2
3837 Q0 1 1 2.31777e-05 model2
2114 Q0 1 1 3.58401e-05 model2
4176 Q0 1 1 3.07666e-05 model2
2616 Q0 1 1 3.2668e-05 model2
3088 Q0 1 1 7.82272e-06 model2
1659 Q0 1 1 3.38755e-05 model2
1660 Q0 1 1 3.57332e-05 model2
1661 Q0 1 1 2.33893e-05 model2
1662 Q0 1 1 4.11974e-05 model2
2268 Q0 1 1 4.07111e-05 model2
1663 Q0 1 1 5.43653e-05 model2
2281 Q0 1 1 3.20435e-05 model2
13241 Q0 1 1 6.05014e-05 model2
3806 Q0 1 1 4.43649e-05 model2
3955 Q0 1 1 2.80992e-05 model2
6843 Q0 1 1 2.81659e-05 model2
3385 Q0 1 1 2.81659e-05 model2
3092 Q0 1 1 3.92388e-05 model2
1665 Q0 1 1 3.75361e-05 model2
4134 Q0 1 1 4.01445e-05 model2
1666 Q0 1 1 3.43509e-05 model2
1667 Q0 1 1 3.61001e-05 model2
2236 Q0 1 1 4.37274e-05 model2
1668 Q0 1 1 3.62935e-05 model2
3095 Q0 1 1 3.48812e-05 model2
4085 Q0 1 1 3.27897e-05 model2
5941 Q0 1 1 4.62023e-05 model2
1669 Q0 1 1 2.93551e-05 model2
3099 Q0 1 1 2.51216e-05 model2
12402 Q0 1 1 3.92152e-05 model2
12404 Q0 1 1 6.13514e-05 model2
3874 Q0 1 1 1.39324e-05 model2
12362 Q0 1 1 2.77565e-05 model2
12361 Q0 1 1 5.41071e-05 model2
1670 Q0 1 1 3.69746e-05 model2
4292 Q0 1 1 3.43635e-05 model2
2482 Q0 1 1 3.17129e-05 model2
1671 Q0 1 1 3.39331e-05 model2
8344 Q0 1 1 9.65693e-06 model2
16564 Q0 1 1 4.32226e-05 model2
9804 Q0 1 1 0 model2
1960 Q0 1 1 3.76148e-05 model2
3879 Q0 1 1 6.48761e-05 model2
3105 Q0 1 1 2.51234e-05 model2
1672 Q0 1 1 3.68152e-05 model2
1673 Q0 1 1 3.01964e-05 model2
7581 Q0 1 1 3.7882e-05 model2
1674 Q0 1 1 1.56549e-05 model2
3104 Q0 1 1 2.33155e-05 model2
2266 Q0 1 1 2.2186e-05 model2
6762 Q0 1 1 2.8643e-05 model2
8347 Q0 1 1 4.0555e-05 model2
2093 Q0 1 1 2.43553e-05 model2
1676 Q0 1 1 2.45498e-05 model2
2275 Q0 1 1 3.14999e-05 model2
9341 Q0 1 1 2.92866e-05 model2
7061 Q0 1 1 3.30906e-05 model2
4581 Q0 1 1 2.26167e-05 model2
3972 Q0 1 1 3.39758e-05 model2
1677 Q0 1 1 0 model2
1678 Q0 1 1 3.22607e-05 model2
1679 Q0 1 1 5.34855e-05 model2
3110 Q0 1 1 2.09277e-05 model2
3803 Q0 1 1 2.89088e-05 model2
4304 Q0 1 1 5.70869e-06 model2
1681 Q0 1 1 3.74405e-05 model2
12321 Q0 1 1 3.05291e-05 model2
8823 Q0 1 1 3.25364e-05 model2
16402 Q0 1 1 6.0419e-05 model2
3111 Q0 1 1 6.0419e-05 model2
1682 Q0 1 1 4.04727e-05 model2
3112 Q0 1 1 3.30948e-05 model2
3943 Q0 1 1 2.94125e-05 model2
3950 Q0 1 1 3.00407e-05 model2
1003 Q0 1 1 0 model2
2164 Q0 1 1 3.54042e-05 model2
2089 Q0 1 1 1.08901e-05 model2
1683 Q0 1 1 6.48761e-05 model2
1891 Q0 1 1 1.25373e-05 model2
363 Q0 1 1 3.13468e-05 model2
2180 Q0 1 1 2.86315e-05 model2
1864 Q0 1 1 0 model2
16922 Q0 1 1 3.0567e-05 model2
2024 Q0 1 1 3.28963e-05 model2
2289 Q0 1 1 2.85086e-05 model2
11121 Q0 1 1 2.8192e-05 model2
1687 Q0 1 1 2.95765e-05 model2
16142 Q0 1 1 3.01455e-05 model2
3113 Q0 1 1 3.01455e-05 model2
15702 Q0 1 1 3.01455e-05 model2
4303 Q0 1 1 3.10281e-05 model2
15442 Q0 1 1 2.81913e-05 model2
1688 Q0 1 1 5.06132e-05 model2
3114 Q0 1 1 2.95197e-05 model2
6061 Q0 1 1 4.02806e-05 model2
10021 Q0 1 1 2.375e-06 model2
3788 Q0 1 1 3.10027e-05 model2
10262 Q0 1 1 5.21016e-05 model2
41 Q0 1 1 5.21016e-05 model2
8701 Q0 1 1 5.51488e-05 model2
8721 Q0 1 1 2.36418e-05 model2
3793 Q0 1 1 5.18894e-05 model2
1691 Q0 1 1 4.01016e-05 model2
1692 Q0 1 1 4.06959e-05 model2
4067 Q0 1 1 3.64148e-05 model2
13721 Q0 1 1 3.41889e-05 model2
3479 Q0 1 1 3.31305e-05 model2
2133 Q0 1 1 3.41354e-05 model2
364 Q0 1 1 3.3982e-05 model2
2226 Q0 1 1 4.12889e-05 model2
2063 Q0 1 1 4.12889e-05 model2
2124 Q0 1 1 3.46025e-05 model2
1693 Q0 1 1 1.1843e-05 model2
2128 Q0 1 1 4.19881e-05 model2
10922 Q0 1 1 3.48534e-05 model2
3867 Q0 1 1 3.66827e-05 model2
3707 Q0 1 1 3.8211e-05 model2
3701 Q0 1 1 7.27649e-06 model2
5601 Q0 1 1 3.19947e-05 model2
15382 Q0 1 1 2.11691e-05 model2
5 Q0 1 1 2.78776e-05 model2
3118 Q0 1 1 3.04407e-05 model2
1908 Q0 1 1 2.16096e-05 model2
4234 Q0 1 1 2.95838e-06 model2
6961 Q0 1 1 3.31233e-05 model2
10961 Q0 1 1 3.01228e-05 model2
1694 Q0 1 1 2.0264e-05 model2
4015 Q0 1 1 3.54517e-05 model2
1695 Q0 1 1 3.42692e-05 model2
3119 Q0 1 1 3.26041e-05 model2
4494 Q0 1 1 3.21432e-05 model2
5442 Q0 1 1 2.96181e-05 model2
3120 Q0 1 1 3.20428e-05 model2
1696 Q0 1 1 3.20298e-05 model2
1697 Q0 1 1 3.30007e-05 model2
1698 Q0 1 1 3.21368e-05 model2
15785 Q0 1 1 3.1851e-05 model2
4129 Q0 1 1 3.30026e-05 model2
1699 Q0 1 1 3.23774e-05 model2
3370 Q0 1 1 3.41995e-05 model2
3848 Q0 1 1 6.23837e-05 model2
2168 Q0 1 1 2.34993e-05 model2
4235 Q0 1 1 4.12564e-05 model2
1945 Q0 1 1 7.26397e-06 model2
9621 Q0 1 1 3.22468e-05 model2
1700 Q0 1 1 4.90467e-05 model2
4495 Q0 1 1 4.11429e-05 model2
1701 Q0 1 1 3.28968e-05 model2
3361 Q0 1 1 1.38726e-05 model2
3121 Q0 1 1 3.18296e-05 model2
3122 Q0 1 1 2.72362e-05 model2
3123 Q0 1 1 3.37005e-05 model2
15522 Q0 1 1 3.75024e-05 model2
15023 Q0 1 1 1.12628e-05 model2
3379 Q0 1 1 2.30714e-05 model2
1702 Q0 1 1 3.58663e-05 model2
1704 Q0 1 1 3.63829e-05 model2
3809 Q0 1 1 4.47643e-05 model2
3126 Q0 1 1 3.67472e-05 model2
12141 Q0 1 1 3.40335e-05 model2
1705 Q0 1 1 3.88039e-05 model2
1707 Q0 1 1 2.88773e-05 model2
5544 Q0 1 1 6.48761e-05 model2
3127 Q0 1 1 3.6205e-05 model2
2152 Q0 1 1 3.85227e-05 model2
7062 Q0 1 1 2.88583e-05 model2
8826 Q0 1 1 3.13852e-05 model2
42 Q0 1 1 3.34713e-05 model2
5697 Q0 1 1 6.48761e-05 model2
5694 Q0 1 1 3.86021e-05 model2
5695 Q0 1 1 1.22572e-05 model2
3130 Q0 1 1 3.46604e-05 model2
3131 Q0 1 1 3.55515e-05 model2
3881 Q0 1 1 2.10945e-05 model2
6421 Q0 1 1 2.23974e-05 model2
4094 Q0 1 1 3.31631e-05 model2
1710 Q0 1 1 3.35791e-05 model2
11671 Q0 1 1 2.97569e-05 model2
6721 Q0 1 1 3.8015e-05 model2
9961 Q0 1 1 3.34229e-05 model2
2078 Q0 1 1 3.47896e-05 model2
2131 Q0 1 1 1.1457e-05 model2
2080 Q0 1 1 1.79107e-05 model2
3708 Q0 1 1 5.00866e-05 model2
2097 Q0 1 1 6.33948e-05 model2
2101 Q0 1 1 1.06053e-05 model2
1711 Q0 1 1 3.5742e-05 model2
1712 Q0 1 1 3.29642e-05 model2
1962 Q0 1 1 3.31552e-05 model2
16563 Q0 1 1 3.73496e-05 model2
2214 Q0 1 1 3.33961e-05 model2
2047 Q0 1 1 2.98922e-05 model2
15742 Q0 1 1 2.98922e-05 model2
481 Q0 1 1 6.48761e-05 model2
1714 Q0 1 1 1.6847e-05 model2
12661 Q0 1 1 3.31126e-05 model2
1715 Q0 1 1 6.48761e-05 model2
2070 Q0 1 1 5.21624e-05 model2
1716 Q0 1 1 2.53489e-05 model2
10041 Q0 1 1 6.48761e-05 model2
17222 Q0 1 1 3.40996e-05 model2
11921 Q0 1 1 3.40886e-05 model2
1717 Q0 1 1 3.30694e-05 model2
15242 Q0 1 1 3.40067e-05 model2
4501 Q0 1 1 3.54839e-05 model2
6062 Q0 1 1 5.02466e-05 model2
3152 Q0 1 1 3.66409e-05 model2
11241 Q0 1 1 1.91801e-05 model2
5624 Q0 1 1 3.67764e-05 model2
2557 Q0 1 1 2.60241e-05 model2
5635 Q0 1 1 2.0606e-05 model2
3838 Q0 1 1 3.76487e-05 model2
2257 Q0 1 1 2.01115e-05 model2
12042 Q0 1 1 3.19225e-05 model2
1719 Q0 1 1 3.86088e-05 model2
4101 Q0 1 1 3.32788e-05 model2
4047 Q0 1 1 3.45703e-05 model2
9463 Q0 1 1 3.30762e-05 model2
2248 Q0 1 1 3.19981e-05 model2
4075 Q0 1 1 3.03844e-05 model2
3952 Q0 1 1 2.78217e-05 model2
4126 Q0 1 1 3.96036e-05 model2
1721 Q0 1 1 2.54965e-05 model2
1722 Q0 1 1 3.27462e-05 model2
1723 Q0 1 1 6.48761e-05 model2
3885 Q0 1 1 3.05248e-05 model2
1724 Q0 1 1 3.47123e-05 model2
4147 Q0 1 1 3.52806e-05 model2
1725 Q0 1 1 4.84429e-05 model2
2186 Q0 1 1 3.12772e-05 model2
1726 Q0 1 1 3.74659e-05 model2
1727 Q0 1 1 3.97164e-05 model2
1728 Q0 1 1 3.05167e-05 model2
2246 Q0 1 1 3.88074e-05 model2
2058 Q0 1 1 4.06947e-05 model2
1996 Q0 1 1 3.60394e-05 model2
3815 Q0 1 1 3.45609e-05 model2
3933 Q0 1 1 3.83992e-05 model2
13381 Q0 1 1 3.17221e-05 model2
4641 Q0 1 1 2.0571e-05 model2
5626 Q0 1 1 5.7234e-05 model2
3149 Q0 1 1 3.91886e-05 model2
4174 Q0 1 1 1.86101e-05 model2
10481 Q0 1 1 3.38859e-05 model2
9881 Q0 1 1 3.92878e-05 model2
12801 Q0 1 1 2.05317e-05 model2
3139 Q0 1 1 0 model2
4512 Q0 1 1 0 model2
13421 Q0 1 1 0 model2
5640 Q0 1 1 3.53416e-05 model2
1729 Q0 1 1 3.13306e-05 model2
2150 Q0 1 1 3.32545e-05 model2
3602 Q0 1 1 3.07731e-05 model2
3374 Q0 1 1 3.13697e-05 model2
12441 Q0 1 1 3.29283e-05 model2
5781 Q0 1 1 3.18289e-05 model2
2613 Q0 1 1 3.71434e-05 model2
4124 Q0 1 1 3.72455e-05 model2
12205 Q0 1 1 3.2025e-05 model2
13941 Q0 1 1 3.16142e-05 model2
4036 Q0 1 1 3.36394e-05 model2
3143 Q0 1 1 3.39954e-05 model2
7341 Q0 1 1 2.69136e-05 model2
3144 Q0 1 1 3.24571e-05 model2
2212 Q0 1 1 4.16635e-05 model2
1730 Q0 1 1 6.48761e-05 model2
881 Q0 1 1 3.02503e-05 model2
4247 Q0 1 1 2.80616e-05 model2
15783 Q0 1 1 3.00663e-05 model2
4664 Q0 1 1 1.53381e-05 model2
2291 Q0 1 1 2.92859e-05 model2
1869 Q0 1 1 2.68702e-05 model2
1889 Q0 1 1 3.31437e-05 model2
16845 Q0 1 1 3.24894e-05 model2
2088 Q0 1 1 3.17879e-05 model2
7684 Q0 1 1 3.45443e-05 model2
8822 Q0 1 1 3.42905e-05 model2
5963 Q0 1 1 3.90315e-05 model2
11601 Q0 1 1 3.79841e-05 model2
12601 Q0 1 1 3.10828e-05 model2
3147 Q0 1 1 3.64045e-05 model2
1732 Q0 1 1 4.469e-05 model2
3936 Q0 1 1 4.469e-05 model2
2161 Q0 1 1 1.89801e-05 model2
10903 Q0 1 1 8.08782e-06 model2
4198 Q0 1 1 3.95733e-05 model2
11364 Q0 1 1 6.12955e-05 model2
3150 Q0 1 1 3.6666e-05 model2
3151 Q0 1 1 6.48761e-05 model2
4071 Q0 1 1 3.16506e-05 model2
4701 Q0 1 1 2.2643e-05 model2
2190 Q0 1 1 3.70578e-05 model2
4249 Q0 1 1 4.16396e-05 model2
1733 Q0 1 1 3.02426e-05 model2
5636 Q0 1 1 3.71683e-05 model2
2178 Q0 1 1 2.14422e-05 model2
4250 Q0 1 1 2.14422e-05 model2
1903 Q0 1 1 3.37168e-05 model2
4064 Q0 1 1 2.83651e-05 model2
621 Q0 1 1 3.50345e-05 model2
1734 Q0 1 1 3.49168e-05 model2
1735 Q0 1 1 3.19769e-05 model2
6804 Q0 1 1 1.39617e-05 model2
1902 Q0 1 1 3.68173e-05 model2
1736 Q0 1 1 6.48761e-05 model2
11221 Q0 1 1 8.8017e-06 model2
12301 Q0 1 1 3.38509e-05 model2
17102 Q0 1 1 3.52029e-05 model2
2111 Q0 1 1 3.39529e-05 model2
3864 Q0 1 1 5.28868e-05 model2
12002 Q0 1 1 6.48761e-05 model2
15282 Q0 1 1 3.4769e-05 model2
3931 Q0 1 1 3.70703e-05 model2
2065 Q0 1 1 0 model2
1755 Q0 1 1 0 model2
5401 Q0 1 1 1.08877e-05 model2
2293 Q0 1 1 3.68252e-05 model2
541 Q0 1 1 3.22661e-05 model2
3850 Q0 1 1 3.93088e-05 model2
3155 Q0 1 1 3.87431e-05 model2
6901 Q0 1 1 6.48761e-05 model2
6861 Q0 1 1 3.3257e-05 model2
4521 Q0 1 1 3.67795e-05 model2
3863 Q0 1 1 4.24553e-05 model2
4255 Q0 1 1 9.62277e-06 model2
2198 Q0 1 1 3.04761e-05 model2
15784 Q0 1 1 1.17674e-05 model2
3662 Q0 1 1 3.90138e-05 model2
3157 Q0 1 1 3.2631e-05 model2
3158 Q0 1 1 5.54784e-05 model2
1739 Q0 1 1 2.51639e-05 model2
1740 Q0 1 1 3.55474e-05 model2
3159 Q0 1 1 4.23345e-05 model2
4721 Q0 1 1 3.45649e-05 model2
1888 Q0 1 1 2.94859e-05 model2
2461 Q0 1 1 2.91701e-05 model2
3668 Q0 1 1 3.32085e-05 model2
3160 Q0 1 1 3.91687e-05 model2
6921 Q0 1 1 3.81576e-05 model2
2234 Q0 1 1 3.78953e-05 model2
2232 Q0 1 1 3.86542e-05 model2
2259 Q0 1 1 3.73209e-05 model2
2233 Q0 1 1 3.5927e-05 model2
1713 Q0 1 1 6.48761e-05 model2
2205 Q0 1 1 2.38743e-05 model2
11782 Q0 1 1 3.49006e-05 model2
1742 Q0 1 1 1.73009e-05 model2
2087 Q0 1 1 3.1098e-05 model2
3161 Q0 1 1 3.51315e-05 model2
1743 Q0 1 1 4.77289e-05 model2
3163 Q0 1 1 2.43651e-05 model2
4178 Q0 1 1 3.98158e-05 model2
1744 Q0 1 1 3.23176e-05 model2
3986 Q0 1 1 3.21602e-05 model2
15462 Q0 1 1 3.72952e-05 model2
961 Q0 1 1 3.23258e-05 model2
1745 Q0 1 1 2.6391e-05 model2
13621 Q0 1 1 4.1628e-05 model2
3861 Q0 1 1 3.5668e-05 model2
6805 Q0 1 1 3.41842e-05 model2
3167 Q0 1 1 4.1897e-05 model2
4166 Q0 1 1 0 model2
3922 Q0 1 1 3.03648e-05 model2
4233 Q0 1 1 3.64658e-05 model2
12482 Q0 1 1 3.5424e-05 model2
321 Q0 1 1 3.33109e-05 model2
1746 Q0 1 1 3.33109e-05 model2
1747 Q0 1 1 3.29262e-05 model2
3170 Q0 1 1 3.32048e-05 model2
1977 Q0 1 1 3.42135e-05 model2
3171 Q0 1 1 3.47629e-05 model2
2271 Q0 1 1 3.47911e-05 model2
3822 Q0 1 1 3.10278e-05 model2
12861 Q0 1 1 3.44759e-05 model2
11841 Q0 1 1 3.2386e-05 model2
5301 Q0 1 1 3.10117e-05 model2
11642 Q0 1 1 3.3313e-05 model2
4112 Q0 1 1 3.32999e-05 model2
1751 Q0 1 1 3.21277e-05 model2
1752 Q0 1 1 3.24386e-05 model2
1754 Q0 1 1 3.34629e-05 model2
4111 Q0 1 1 3.35465e-05 model2
1756 Q0 1 1 3.45205e-05 model2
9521 Q0 1 1 3.47343e-05 model2
13363 Q0 1 1 3.58491e-05 model2
3172 Q0 1 1 3.29953e-05 model2
7461 Q0 1 1 3.28794e-05 model2
12924 Q0 1 1 3.36629e-05 model2
1758 Q0 1 1 3.16195e-05 model2
13541 Q0 1 1 3.33808e-05 model2
4282 Q0 1 1 3.33247e-05 model2
1759 Q0 1 1 3.35581e-05 model2
4529 Q0 1 1 3.25389e-05 model2
2018 Q0 1 1 3.41336e-05 model2
13044 Q0 1 1 3.58804e-05 model2
7601 Q0 1 1 3.42039e-05 model2
9281 Q0 1 1 2.97847e-05 model2
11963 Q0 1 1 3.40548e-05 model2
11542 Q0 1 1 3.46271e-05 model2
3834 Q0 1 1 3.22568e-05 model2
7661 Q0 1 1 3.40241e-05 model2
1760 Q0 1 1 3.13446e-05 model2
1761 Q0 1 1 3.45446e-05 model2
5403 Q0 1 1 3.45446e-05 model2
1762 Q0 1 1 2.15622e-05 model2
3970 Q0 1 1 2.80635e-05 model2
1765 Q0 1 1 3.5742e-05 model2
1766 Q0 1 1 3.34717e-05 model2
842 Q0 1 1 3.34717e-05 model2
1768 Q0 1 1 3.70846e-05 model2
12602 Q0 1 1 3.38952e-05 model2
8622 Q0 1 1 3.39699e-05 model2
5698 Q0 1 1 3.62482e-05 model2
4531 Q0 1 1 3.46086e-05 model2
5696 Q0 1 1 3.3861e-05 model2
9441 Q0 1 1 3.35441e-05 model2
4305 Q0 1 1 3.51077e-05 model2
1769 Q0 1 1 2.72856e-05 model2
3176 Q0 1 1 3.63332e-05 model2
3177 Q0 1 1 3.42593e-05 model2
2609 Q0 1 1 4.05153e-05 model2
3180 Q0 1 1 3.3039e-05 model2
1770 Q0 1 1 2.86835e-05 model2
4163 Q0 1 1 4.19316e-05 model2
1771 Q0 1 1 3.25948e-05 model2
12401 Q0 1 1 6.48761e-05 model2
7262 Q0 1 1 2.34185e-05 model2
1772 Q0 1 1 3.44297e-05 model2
8161 Q0 1 1 3.28599e-05 model2
2302 Q0 1 1 5.85034e-05 model2
3185 Q0 1 1 3.44056e-05 model2
3186 Q0 1 1 3.48632e-05 model2
3187 Q0 1 1 3.33751e-05 model2
3188 Q0 1 1 3.48862e-05 model2
1773 Q0 1 1 2.73452e-05 model2
4532 Q0 1 1 2.89019e-05 model2
3189 Q0 1 1 1.30201e-05 model2
10941 Q0 1 1 5.00315e-05 model2
12761 Q0 1 1 0 model2
15142 Q0 1 1 3.54149e-05 model2
3836 Q0 1 1 5.93377e-06 model2
3939 Q0 1 1 5.25868e-05 model2
11342 Q0 1 1 2.13852e-05 model2
1774 Q0 1 1 3.35887e-05 model2
1775 Q0 1 1 3.46087e-05 model2
3421 Q0 1 1 3.3094e-05 model2
4666 Q0 1 1 3.2332e-05 model2
3197 Q0 1 1 4.32579e-05 model2
8022 Q0 1 1 2.78381e-05 model2
2182 Q0 1 1 3.29888e-05 model2
3198 Q0 1 1 2.6172e-05 model2
3199 Q0 1 1 2.50515e-05 model2
7281 Q0 1 1 4.52007e-05 model2
5541 Q0 1 1 3.07957e-05 model2
3945 Q0 1 1 4.26383e-05 model2
3946 Q0 1 1 1.03188e-05 model2
1778 Q0 1 1 2.49286e-05 model2
1780 Q0 1 1 3.32201e-05 model2
3805 Q0 1 1 0 model2
4542 Q0 1 1 2.34139e-05 model2
5563 Q0 1 1 6.48761e-05 model2
1782 Q0 1 1 2.83328e-05 model2
3202 Q0 1 1 3.33028e-05 model2
13882 Q0 1 1 3.34508e-05 model2
3482 Q0 1 1 3.52393e-05 model2
1992 Q0 1 1 1.99892e-05 model2
3204 Q0 1 1 3.38515e-05 model2
1783 Q0 1 1 3.38487e-05 model2
3205 Q0 1 1 3.21616e-05 model2
1757 Q0 1 1 4.21351e-05 model2
2206 Q0 1 1 3.99247e-05 model2
2066 Q0 1 1 3.73109e-05 model2
1944 Q0 1 1 5.52917e-05 model2
2125 Q0 1 1 1.32292e-05 model2
10161 Q0 1 1 1.21973e-05 model2
3363 Q0 1 1 6.31315e-05 model2
2215 Q0 1 1 3.71249e-05 model2
3847 Q0 1 1 3.25455e-05 model2
4038 Q0 1 1 1.8623e-05 model2
2179 Q0 1 1 3.9629e-05 model2
3208 Q0 1 1 2.53249e-05 model2
3862 Q0 1 1 2.08092e-05 model2
241 Q0 1 1 4.03435e-05 model2
3209 Q0 1 1 3.01927e-05 model2
16566 Q0 1 1 3.01927e-05 model2
16663 Q0 1 1 3.01927e-05 model2
11781 Q0 1 1 3.01236e-05 model2
3210 Q0 1 1 3.45923e-05 model2
1784 Q0 1 1 3.15703e-05 model2
15662 Q0 1 1 2.53293e-05 model2
5742 Q0 1 1 1.91926e-05 model2
1785 Q0 1 1 4.62537e-05 model2
1786 Q0 1 1 6.08741e-05 model2
1787 Q0 1 1 2.87169e-05 model2
3214 Q0 1 1 3.54557e-05 model2
5261 Q0 1 1 4.81069e-05 model2
1788 Q0 1 1 3.48113e-05 model2
3216 Q0 1 1 3.53692e-05 model2
1790 Q0 1 1 3.57503e-05 model2
1791 Q0 1 1 3.53232e-05 model2
3217 Q0 1 1 3.32234e-05 model2
1789 Q0 1 1 4.57439e-06 model2
6820 Q0 1 1 3.70377e-05 model2
3218 Q0 1 1 3.07551e-05 model2
6819 Q0 1 1 4.47717e-05 model2
12341 Q0 1 1 6.48761e-05 model2
1793 Q0 1 1 3.77381e-05 model2
4169 Q0 1 1 3.5975e-05 model2
1794 Q0 1 1 2.8672e-05 model2
3219 Q0 1 1 3.67178e-05 model2
3220 Q0 1 1 3.36892e-05 model2
3224 Q0 1 1 3.5198e-05 model2
3225 Q0 1 1 2.83096e-05 model2
3226 Q0 1 1 6.48761e-05 model2
3227 Q0 1 1 3.75373e-05 model2
3228 Q0 1 1 3.36657e-05 model2
13821 Q0 1 1 1.80112e-05 model2
3229 Q0 1 1 3.85541e-05 model2
1795 Q0 1 1 6.48761e-05 model2
3661 Q0 1 1 6.48761e-05 model2
1796 Q0 1 1 4.31402e-05 model2
3231 Q0 1 1 3.79095e-05 model2
3232 Q0 1 1 0 model2
17043 Q0 1 1 2.38419e-05 model2
3233 Q0 1 1 1.8063e-05 model2
4171 Q0 1 1 1.15368e-05 model2
1797 Q0 1 1 2.80103e-05 model2
3236 Q0 1 1 3.29077e-05 model2
3237 Q0 1 1 3.27234e-05 model2
3238 Q0 1 1 2.92579e-05 model2
1798 Q0 1 1 3.84875e-05 model2
1799 Q0 1 1 3.12164e-05 model2
1800 Q0 1 1 6.48761e-05 model2
3249 Q0 1 1 3.66663e-05 model2
11741 Q0 1 1 3.48745e-05 model2
1910 Q0 1 1 2.07355e-05 model2
3470 Q0 1 1 3.50426e-05 model2
1801 Q0 1 1 3.27019e-05 model2
10461 Q0 1 1 3.92509e-05 model2
3250 Q0 1 1 2.87516e-05 model2
3251 Q0 1 1 3.46614e-05 model2
3252 Q0 1 1 3.18273e-05 model2
3253 Q0 1 1 3.29891e-05 model2
3254 Q0 1 1 3.11694e-05 model2
3255 Q0 1 1 4.67123e-05 model2
10921 Q0 1 1 3.76063e-05 model2
3256 Q0 1 1 2.73909e-05 model2
3257 Q0 1 1 2.94076e-05 model2
3258 Q0 1 1 3.28666e-05 model2
1803 Q0 1 1 4.36257e-05 model2
3259 Q0 1 1 3.90627e-05 model2
10701 Q0 1 1 4.1529e-05 model2
3260 Q0 1 1 3.20277e-05 model2
11581 Q0 1 1 3.58963e-05 model2
4195 Q0 1 1 3.5633e-05 model2
17044 Q0 1 1 3.83202e-05 model2
4548 Q0 1 1 3.3083e-05 model2
2049 Q0 1 1 3.83695e-05 model2
7621 Q0 1 1 2.31603e-05 model2
3261 Q0 1 1 3.20086e-05 model2
1804 Q0 1 1 3.27528e-05 model2
16749 Q0 1 1 3.27528e-05 model2
2320 Q0 1 1 2.90784e-05 model2
2194 Q0 1 1 2.38632e-05 model2
5700 Q0 1 1 3.45665e-05 model2
1805 Q0 1 1 3.3577e-05 model2
1907 Q0 1 1 3.47387e-05 model2
2204 Q0 1 1 4.21582e-05 model2
3882 Q0 1 1 3.46408e-05 model2
3263 Q0 1 1 3.3593e-05 model2
8981 Q0 1 1 3.53214e-05 model2
3264 Q0 1 1 8.1155e-06 model2
1925 Q0 1 1 0 model2
16782 Q0 1 1 3.22896e-05 model2
5121 Q0 1 1 3.02731e-05 model2
1806 Q0 1 1 3.41071e-05 model2
3266 Q0 1 1 3.23819e-05 model2
3267 Q0 1 1 2.43367e-05 model2
5803 Q0 1 1 3.02732e-05 model2
944 Q0 1 1 3.94185e-05 model2
4091 Q0 1 1 3.94185e-05 model2
5701 Q0 1 1 3.03972e-05 model2
1807 Q0 1 1 3.21727e-05 model2
16803 Q0 1 1 3.14041e-05 model2
3826 Q0 1 1 3.98188e-05 model2
15782 Q0 1 1 2.38556e-05 model2
2112 Q0 1 1 4.40149e-05 model2
2336 Q0 1 1 6.43295e-05 model2
3269 Q0 1 1 1.36157e-05 model2
2319 Q0 1 1 3.13513e-05 model2
2207 Q0 1 1 3.42989e-05 model2
2296 Q0 1 1 3.39151e-05 model2
3667 Q0 1 1 3.31113e-05 model2
3273 Q0 1 1 3.4007e-05 model2
5441 Q0 1 1 3.12167e-05 model2
4021 Q0 1 1 4.22065e-05 model2
1809 Q0 1 1 2.65372e-05 model2
7141 Q0 1 1 3.41916e-05 model2
4128 Q0 1 1 3.55102e-05 model2
2006 Q0 1 1 4.2555e-05 model2
3877 Q0 1 1 4.01432e-05 model2
4553 Q0 1 1 3.71309e-05 model2
1811 Q0 1 1 3.62307e-05 model2
3275 Q0 1 1 3.14254e-05 model2
3276 Q0 1 1 3.19119e-05 model2
1985 Q0 1 1 3.62479e-05 model2
3277 Q0 1 1 3.50034e-05 model2
3278 Q0 1 1 3.51582e-05 model2
14843 Q0 1 1 3.38801e-05 model2
1812 Q0 1 1 3.76536e-05 model2
3279 Q0 1 1 3.54201e-05 model2
6811 Q0 1 1 3.37271e-05 model2
3280 Q0 1 1 4.33843e-05 model2
3281 Q0 1 1 5.03287e-05 model2
13042 Q0 1 1 2.84035e-05 model2
3107 Q0 1 1 2.71193e-05 model2
12581 Q0 1 1 3.18559e-05 model2
1813 Q0 1 1 2.99693e-05 model2
1814 Q0 1 1 2.89817e-05 model2
13581 Q0 1 1 2.56995e-05 model2
3282 Q0 1 1 3.54159e-05 model2
3372 Q0 1 1 3.29551e-05 model2
5702 Q0 1 1 2.50454e-05 model2
3283 Q0 1 1 3.61867e-05 model2
16962 Q0 1 1 3.37812e-05 model2
1815 Q0 1 1 2.56004e-05 model2
3284 Q0 1 1 3.47793e-05 model2
1924 Q0 1 1 4.21095e-05 model2
11386 Q0 1 1 3.4537e-05 model2
2521 Q0 1 1 4.47014e-05 model2
3287 Q0 1 1 5.33257e-05 model2
1816 Q0 1 1 2.96991e-05 model2
4011 Q0 1 1 2.79358e-05 model2
3291 Q0 1 1 3.44685e-05 model2
3292 Q0 1 1 3.43589e-05 model2
3293 Q0 1 1 3.34359e-05 model2
4039 Q0 1 1 3.5465e-05 model2
10121 Q0 1 1 3.13139e-05 model2
10302 Q0 1 1 2.91629e-05 model2
7563 Q0 1 1 3.38703e-05 model2
1870 Q0 1 1 4.46369e-05 model2
3297 Q0 1 1 3.04519e-05 model2
2339 Q0 1 1 3.32874e-05 model2
2004 Q0 1 1 3.5224e-05 model2
2252 Q0 1 1 3.52025e-05 model2
2253 Q0 1 1 3.53187e-05 model2
2175 Q0 1 1 3.81403e-05 model2
3298 Q0 1 1 3.33765e-05 model2
2309 Q0 1 1 3.40054e-05 model2
2308 Q0 1 1 3.20324e-05 model2
2221 Q0 1 1 3.56271e-05 model2
11365 Q0 1 1 1.40919e-05 model2
1822 Q0 1 1 3.23057e-05 model2
9162 Q0 1 1 3.49853e-05 model2
1823 Q0 1 1 3.63108e-05 model2
4122 Q0 1 1 2.95939e-05 model2
15122 Q0 1 1 3.74152e-05 model2
2177 Q0 1 1 6.48761e-05 model2
3299 Q0 1 1 3.078e-05 model2
2127 Q0 1 1 4.95522e-05 model2
2312 Q0 1 1 4.29196e-05 model2
4225 Q0 1 1 4.73164e-05 model2
1824 Q0 1 1 3.59854e-05 model2
3483 Q0 1 1 0 model2
3876 Q0 1 1 3.53435e-05 model2
5901 Q0 1 1 6.48273e-05 model2
4559 Q0 1 1 4.70781e-05 model2
16843 Q0 1 1 4.02563e-05 model2
3300 Q0 1 1 3.42197e-05 model2
5881 Q0 1 1 4.11379e-05 model2
5123 Q0 1 1 3.98269e-05 model2
9021 Q0 1 1 2.66293e-05 model2
7645 Q0 1 1 4.36379e-05 model2
3623 Q0 1 1 3.38166e-05 model2
5547 Q0 1 1 3.40264e-05 model2
1825 Q0 1 1 4.5215e-05 model2
1890 Q0 1 1 2.80572e-05 model2
3306 Q0 1 1 3.34253e-05 model2
3307 Q0 1 1 2.38949e-05 model2
3308 Q0 1 1 3.32601e-05 model2
3469 Q0 1 1 3.34768e-05 model2
4560 Q0 1 1 2.97059e-05 model2
3802 Q0 1 1 1.3718e-05 model2
2489 Q0 1 1 6.48761e-05 model2
1827 Q0 1 1 4.83811e-05 model2
3309 Q0 1 1 2.01341e-05 model2
10581 Q0 1 1 7.0027e-06 model2
5564 Q0 1 1 4.46176e-05 model2
14021 Q0 1 1 1.44567e-05 model2
4 Q0 1 1 3.40979e-05 model2
2301 Q0 1 1 4.27135e-05 model2
3477 Q0 1 1 3.91625e-05 model2
1 Q0 1 1 5.32445e-05 model2
1281 Q0 1 1 1.91721e-05 model2
1828 Q0 1 1 4.43124e-05 model2
1829 Q0 1 1 3.28632e-05 model2
921 Q0 1 1 3.09793e-05 model2
2305 Q0 1 1 5.60089e-05 model2
2322 Q0 1 1 0 model2
2021 Q0 1 1 3.1611e-05 model2
5141 Q0 1 1 3.9655e-05 model2
3723 Q0 1 1 4.51007e-05 model2
3859 Q0 1 1 8.40791e-06 model2
4030 Q0 1 1 2.26658e-05 model2
17042 Q0 1 1 3.50997e-05 model2
3311 Q0 1 1 2.13638e-05 model2
3441 Q0 1 1 3.85903e-05 model2
1830 Q0 1 1 6.09877e-05 model2
3315 Q0 1 1 3.77745e-05 model2
3316 Q0 1 1 3.41726e-05 model2
3317 Q0 1 1 6.48761e-05 model2
3318 Q0 1 1 4.75843e-05 model2
2050 Q0 1 1 3.71752e-05 model2
1832 Q0 1 1 2.47095e-05 model2
4564 Q0 1 1 5.30904e-05 model2
3935 Q0 1 1 4.16422e-05 model2
12942 Q0 1 1 3.4631e-05 model2
2310 Q0 1 1 3.43013e-05 model2
1833 Q0 1 1 1.3687e-05 model2
1836 Q0 1 1 3.15022e-05 model2
7685 Q0 1 1 1.2123e-05 model2
7681 Q0 1 1 3.87427e-05 model2
1918 Q0 1 1 3.74769e-05 model2
1917 Q0 1 1 3.36204e-05 model2
12121 Q0 1 1 2.3123e-05 model2
10001 Q0 1 1 1.02103e-05 model2
2231 Q0 1 1 3.10904e-05 model2
1837 Q0 1 1 1.26295e-05 model2
15102 Q0 1 1 6.48761e-05 model2
1838 Q0 1 1 4.06975e-05 model2
1840 Q0 1 1 3.55154e-05 model2
10801 Q0 1 1 3.85536e-05 model2
13201 Q0 1 1 0 model2
4051 Q0 1 1 2.96538e-05 model2
4050 Q0 1 1 3.24189e-05 model2
3541 Q0 1 1 2.24979e-05 model2
1965 Q0 1 1 3.5579e-05 model2
1842 Q0 1 1 6.48761e-05 model2
1843 Q0 1 1 3.1096e-05 model2
5967 Q0 1 1 3.35708e-05 model2
4142 Q0 1 1 4.4551e-05 model2
4310 Q0 1 1 3.62502e-05 model2
3324 Q0 1 1 3.64328e-05 model2
8381 Q0 1 1 0 model2
4289 Q0 1 1 6.48761e-05 model2
14962 Q0 1 1 2.82341e-05 model2
16103 Q0 1 1 2.82341e-05 model2
16082 Q0 1 1 2.42327e-05 model2
3325 Q0 1 1 3.00991e-05 model2
7521 Q0 1 1 2.75375e-06 model2
1844 Q0 1 1 3.73422e-05 model2
6402 Q0 1 1 5.02551e-05 model2
3481 Q0 1 1 1.42095e-05 model2
7707 Q0 1 1 3.53459e-05 model2
13123 Q0 1 1 3.48017e-05 model2
16382 Q0 1 1 3.70058e-05 model2
2155 Q0 1 1 3.30757e-05 model2
2216 Q0 1 1 3.48175e-05 model2
13045 Q0 1 1 3.86411e-05 model2
1846 Q0 1 1 2.58923e-05 model2
3362 Q0 1 1 1.31662e-05 model2
3969 Q0 1 1 1.98999e-05 model2
5566 Q0 1 1 6.48761e-05 model2
3326 Q0 1 1 2.5359e-05 model2
1989 Q0 1 1 3.09638e-05 model2
4253 Q0 1 1 3.24825e-05 model2
9142 Q0 1 1 0 model2
2219 Q0 1 1 4.87514e-05 model2
3825 Q0 1 1 5.34474e-05 model2
2325 Q0 1 1 5.61277e-05 model2
1912 Q0 1 1 4.62931e-05 model2
1850 Q0 1 1 4.14033e-05 model2
3341 Q0 1 1 2.58332e-05 model2
6301 Q0 1 1 3.06887e-05 model2
14902 Q0 1 1 3.36133e-05 model2
16805 Q0 1 1 3.19163e-05 model2
4049 Q0 1 1 2.77998e-05 model2
1851 Q0 1 1 1.39787e-05 model2
4058 Q0 1 1 2.39416e-05 model2
1852 Q0 1 1 3.71252e-05 model2
3328 Q0 1 1 3.41122e-05 model2
1853 Q0 1 1 3.31823e-05 model2
3330 Q0 1 1 3.27422e-05 model2
3387 Q0 1 1 2.08681e-05 model2
3860 Q0 1 1 3.22721e-05 model2
3332 Q0 1 1 3.84985e-05 model2
3333 Q0 1 1 3.32261e-05 model2
3334 Q0 1 1 3.32261e-05 model2
3335 Q0 1 1 2.52225e-05 model2
3337 Q0 1 1 9.44954e-06 model2
2421 Q0 1 1 3.64539e-05 model2
5704 Q0 1 1 3.68503e-05 model2
3813 Q0 1 1 1.83604e-05 model2
1021 Q0 1 1 4.41342e-05 model2
16824 Q0 1 1 2.87251e-05 model2
9101 Q0 1 1 3.99386e-05 model2
2115 Q0 1 1 3.99386e-05 model2
3338 Q0 1 1 4.23021e-05 model2
9882 Q0 1 1 5.6822e-06 model2
10541 Q0 1 1 2.87571e-05 model2
15062 Q0 1 1 5.93671e-05 model2
1854 Q0 1 1 3.7943e-05 model2
2218 Q0 1 1 3.39791e-05 model2
3339 Q0 1 1 3.33039e-05 model2
11541 Q0 1 1 3.0081e-05 model2
13481 Q0 1 1 2.44638e-05 model2
3371 Q0 1 1 2.83992e-05 model2
11676 Q0 1 1 3.22577e-05 model2
2181 Q0 1 1 4.91341e-05 model2
1856 Q0 1 1 3.663e-05 model2
1900 Q0 1 1 4.19454e-05 model2
3340 Q0 1 1 3.45719e-05 model2
3364 Q0 1 1 1.08829e-05 model2
4290 Q0 1 1 3.66823e-05 model2
3962 Q0 1 1 4.08717e-05 model2
4841 Q0 1 1 9.66087e-06 model2
7642 Q0 1 1 3.73573e-05 model2
1857 Q0 1 1 6.48761e-05 model2
8821 Q0 1 1 2.67057e-05 model2
13101 Q0 1 1 3.45132e-06 model2
16062 Q0 1 1 2.22257e-05 model2
11665 Q0 1 1 0 model2
11521 Q0 1 1 3.07803e-05 model2
341 Q0 1 1 2.75274e-05 model2
4048 Q0 1 1 2.58531e-05 model2
16262 Q0 1 1 2.55068e-05 model2
7541 Q0 1 1 1.74687e-05 model2
